2014-07-25 14:34:53,190 [7] Orchard.Environment.DefaultBuildManager - (null) - Error when compiling assembly under ~/Modules/Time.OrderLog/Time.OrderLog.csproj.
System.Web.HttpCompileException (0x80004005): c:\Users\PaulM\Desktop\Projects\zone.timemfg.com\src\Orchard.Web\Modules\Time.OrderLog\Controllers\HomeController.cs(106): error CS0104: 'EntityState' is an ambiguous reference between 'System.Data.EntityState' and 'System.Data.Entity.EntityState'
   at System.Web.Compilation.AssemblyBuilder.Compile()
   at System.Web.Compilation.BuildProvidersCompiler.PerformBuild()
   at System.Web.Compilation.BuildManager.CompileWebFile(VirtualPath virtualPath)
   at System.Web.Compilation.BuildManager.GetVPathBuildResultInternal(VirtualPath virtualPath, Boolean noBuild, Boolean allowCrossApp, Boolean allowBuildInPrecompile, Boolean throwIfNotFound, Boolean ensureIsUpToDate)
   at System.Web.Compilation.BuildManager.GetVPathBuildResultWithNoAssert(HttpContext context, VirtualPath virtualPath, Boolean noBuild, Boolean allowCrossApp, Boolean allowBuildInPrecompile, Boolean throwIfNotFound, Boolean ensureIsUpToDate)
   at System.Web.Compilation.BuildManager.GetVPathBuildResult(HttpContext context, VirtualPath virtualPath, Boolean noBuild, Boolean allowCrossApp, Boolean allowBuildInPrecompile, Boolean ensureIsUpToDate)
   at System.Web.Compilation.BuildManager.GetCompiledAssembly(String virtualPath)
   at Orchard.Environment.DefaultBuildManager.GetCompiledAssembly(String virtualPath) in c:\Users\PaulM\Desktop\Projects\zone.timemfg.com\src\Orchard\Environment\IBuildManager.cs:line 53
2014-07-25 14:34:53,213 [7] Orchard.Environment.Extensions.ExtensionManager - (null) - No suitable loader found for extension "Time.OrderLog"
2014-07-25 14:34:57,740 [12] Orchard.Environment.DefaultBuildManager - (null) - Error when compiling assembly under ~/Modules/Time.OrderLog/Time.OrderLog.csproj.
System.Web.HttpCompileException (0x80004005): c:\Users\PaulM\Desktop\Projects\zone.timemfg.com\src\Orchard.Web\Modules\Time.OrderLog\Controllers\HomeController.cs(106): error CS0104: 'EntityState' is an ambiguous reference between 'System.Data.EntityState' and 'System.Data.Entity.EntityState'
   at System.Web.Compilation.BuildManager.PostProcessFoundBuildResult(BuildResult result, Boolean keyFromVPP, VirtualPath virtualPath)
   at System.Web.Compilation.BuildManager.GetBuildResultFromCacheInternal(String cacheKey, Boolean keyFromVPP, VirtualPath virtualPath, Int64 hashCode, Boolean ensureIsUpToDate)
   at System.Web.Compilation.BuildManager.GetVPathBuildResultFromCacheInternal(VirtualPath virtualPath, Boolean ensureIsUpToDate)
   at System.Web.Compilation.BuildManager.GetVPathBuildResultInternal(VirtualPath virtualPath, Boolean noBuild, Boolean allowCrossApp, Boolean allowBuildInPrecompile, Boolean throwIfNotFound, Boolean ensureIsUpToDate)
   at System.Web.Compilation.BuildManager.GetVPathBuildResultWithNoAssert(HttpContext context, VirtualPath virtualPath, Boolean noBuild, Boolean allowCrossApp, Boolean allowBuildInPrecompile, Boolean throwIfNotFound, Boolean ensureIsUpToDate)
   at System.Web.Compilation.BuildManager.GetVPathBuildResult(HttpContext context, VirtualPath virtualPath, Boolean noBuild, Boolean allowCrossApp, Boolean allowBuildInPrecompile, Boolean ensureIsUpToDate)
   at System.Web.Compilation.BuildManager.GetCompiledAssembly(String virtualPath)
   at Orchard.Environment.DefaultBuildManager.GetCompiledAssembly(String virtualPath) in c:\Users\PaulM\Desktop\Projects\zone.timemfg.com\src\Orchard\Environment\IBuildManager.cs:line 53
2014-07-25 14:34:57,751 [12] Orchard.Environment.DefaultBuildManager - (null) - Error when compiling assembly under ~/Modules/Time.OrderLog/Time.OrderLog.csproj.
System.Web.HttpCompileException (0x80004005): c:\Users\PaulM\Desktop\Projects\zone.timemfg.com\src\Orchard.Web\Modules\Time.OrderLog\Controllers\HomeController.cs(106): error CS0104: 'EntityState' is an ambiguous reference between 'System.Data.EntityState' and 'System.Data.Entity.EntityState'
   at System.Web.Compilation.BuildManager.PostProcessFoundBuildResult(BuildResult result, Boolean keyFromVPP, VirtualPath virtualPath)
   at System.Web.Compilation.BuildManager.GetBuildResultFromCacheInternal(String cacheKey, Boolean keyFromVPP, VirtualPath virtualPath, Int64 hashCode, Boolean ensureIsUpToDate)
   at System.Web.Compilation.BuildManager.GetVPathBuildResultFromCacheInternal(VirtualPath virtualPath, Boolean ensureIsUpToDate)
   at System.Web.Compilation.BuildManager.GetVPathBuildResultInternal(VirtualPath virtualPath, Boolean noBuild, Boolean allowCrossApp, Boolean allowBuildInPrecompile, Boolean throwIfNotFound, Boolean ensureIsUpToDate)
   at System.Web.Compilation.BuildManager.GetVPathBuildResultWithNoAssert(HttpContext context, VirtualPath virtualPath, Boolean noBuild, Boolean allowCrossApp, Boolean allowBuildInPrecompile, Boolean throwIfNotFound, Boolean ensureIsUpToDate)
   at System.Web.Compilation.BuildManager.GetVPathBuildResult(HttpContext context, VirtualPath virtualPath, Boolean noBuild, Boolean allowCrossApp, Boolean allowBuildInPrecompile, Boolean ensureIsUpToDate)
   at System.Web.Compilation.BuildManager.GetCompiledAssembly(String virtualPath)
   at Orchard.Environment.DefaultBuildManager.GetCompiledAssembly(String virtualPath) in c:\Users\PaulM\Desktop\Projects\zone.timemfg.com\src\Orchard\Environment\IBuildManager.cs:line 53
2014-07-25 14:34:57,756 [12] Orchard.Environment.DefaultBuildManager - (null) - Error when compiling assembly under ~/Modules/Time.OrderLog/Time.OrderLog.csproj.
System.Web.HttpCompileException (0x80004005): c:\Users\PaulM\Desktop\Projects\zone.timemfg.com\src\Orchard.Web\Modules\Time.OrderLog\Controllers\HomeController.cs(106): error CS0104: 'EntityState' is an ambiguous reference between 'System.Data.EntityState' and 'System.Data.Entity.EntityState'
   at System.Web.Compilation.BuildManager.PostProcessFoundBuildResult(BuildResult result, Boolean keyFromVPP, VirtualPath virtualPath)
   at System.Web.Compilation.BuildManager.GetBuildResultFromCacheInternal(String cacheKey, Boolean keyFromVPP, VirtualPath virtualPath, Int64 hashCode, Boolean ensureIsUpToDate)
   at System.Web.Compilation.BuildManager.GetVPathBuildResultFromCacheInternal(VirtualPath virtualPath, Boolean ensureIsUpToDate)
   at System.Web.Compilation.BuildManager.GetVPathBuildResultInternal(VirtualPath virtualPath, Boolean noBuild, Boolean allowCrossApp, Boolean allowBuildInPrecompile, Boolean throwIfNotFound, Boolean ensureIsUpToDate)
   at System.Web.Compilation.BuildManager.GetVPathBuildResultWithNoAssert(HttpContext context, VirtualPath virtualPath, Boolean noBuild, Boolean allowCrossApp, Boolean allowBuildInPrecompile, Boolean throwIfNotFound, Boolean ensureIsUpToDate)
   at System.Web.Compilation.BuildManager.GetVPathBuildResult(HttpContext context, VirtualPath virtualPath, Boolean noBuild, Boolean allowCrossApp, Boolean allowBuildInPrecompile, Boolean ensureIsUpToDate)
   at System.Web.Compilation.BuildManager.GetCompiledAssembly(String virtualPath)
   at Orchard.Environment.DefaultBuildManager.GetCompiledAssembly(String virtualPath) in c:\Users\PaulM\Desktop\Projects\zone.timemfg.com\src\Orchard\Environment\IBuildManager.cs:line 53
2014-07-25 14:34:57,762 [12] Orchard.Environment.DefaultBuildManager - (null) - Error when compiling assembly under ~/Modules/Time.OrderLog/Time.OrderLog.csproj.
System.Web.HttpCompileException (0x80004005): c:\Users\PaulM\Desktop\Projects\zone.timemfg.com\src\Orchard.Web\Modules\Time.OrderLog\Controllers\HomeController.cs(106): error CS0104: 'EntityState' is an ambiguous reference between 'System.Data.EntityState' and 'System.Data.Entity.EntityState'
   at System.Web.Compilation.BuildManager.PostProcessFoundBuildResult(BuildResult result, Boolean keyFromVPP, VirtualPath virtualPath)
   at System.Web.Compilation.BuildManager.GetBuildResultFromCacheInternal(String cacheKey, Boolean keyFromVPP, VirtualPath virtualPath, Int64 hashCode, Boolean ensureIsUpToDate)
   at System.Web.Compilation.BuildManager.GetVPathBuildResultFromCacheInternal(VirtualPath virtualPath, Boolean ensureIsUpToDate)
   at System.Web.Compilation.BuildManager.GetVPathBuildResultInternal(VirtualPath virtualPath, Boolean noBuild, Boolean allowCrossApp, Boolean allowBuildInPrecompile, Boolean throwIfNotFound, Boolean ensureIsUpToDate)
   at System.Web.Compilation.BuildManager.GetVPathBuildResultWithNoAssert(HttpContext context, VirtualPath virtualPath, Boolean noBuild, Boolean allowCrossApp, Boolean allowBuildInPrecompile, Boolean throwIfNotFound, Boolean ensureIsUpToDate)
   at System.Web.Compilation.BuildManager.GetVPathBuildResult(HttpContext context, VirtualPath virtualPath, Boolean noBuild, Boolean allowCrossApp, Boolean allowBuildInPrecompile, Boolean ensureIsUpToDate)
   at System.Web.Compilation.BuildManager.GetCompiledAssembly(String virtualPath)
   at Orchard.Environment.DefaultBuildManager.GetCompiledAssembly(String virtualPath) in c:\Users\PaulM\Desktop\Projects\zone.timemfg.com\src\Orchard\Environment\IBuildManager.cs:line 53
2014-07-25 14:34:57,768 [12] Orchard.Environment.DefaultBuildManager - (null) - Error when compiling assembly under ~/Modules/Time.OrderLog/Time.OrderLog.csproj.
System.Web.HttpCompileException (0x80004005): c:\Users\PaulM\Desktop\Projects\zone.timemfg.com\src\Orchard.Web\Modules\Time.OrderLog\Controllers\HomeController.cs(106): error CS0104: 'EntityState' is an ambiguous reference between 'System.Data.EntityState' and 'System.Data.Entity.EntityState'
   at System.Web.Compilation.BuildManager.PostProcessFoundBuildResult(BuildResult result, Boolean keyFromVPP, VirtualPath virtualPath)
   at System.Web.Compilation.BuildManager.GetBuildResultFromCacheInternal(String cacheKey, Boolean keyFromVPP, VirtualPath virtualPath, Int64 hashCode, Boolean ensureIsUpToDate)
   at System.Web.Compilation.BuildManager.GetVPathBuildResultFromCacheInternal(VirtualPath virtualPath, Boolean ensureIsUpToDate)
   at System.Web.Compilation.BuildManager.GetVPathBuildResultInternal(VirtualPath virtualPath, Boolean noBuild, Boolean allowCrossApp, Boolean allowBuildInPrecompile, Boolean throwIfNotFound, Boolean ensureIsUpToDate)
   at System.Web.Compilation.BuildManager.GetVPathBuildResultWithNoAssert(HttpContext context, VirtualPath virtualPath, Boolean noBuild, Boolean allowCrossApp, Boolean allowBuildInPrecompile, Boolean throwIfNotFound, Boolean ensureIsUpToDate)
   at System.Web.Compilation.BuildManager.GetVPathBuildResult(HttpContext context, VirtualPath virtualPath, Boolean noBuild, Boolean allowCrossApp, Boolean allowBuildInPrecompile, Boolean ensureIsUpToDate)
   at System.Web.Compilation.BuildManager.GetCompiledAssembly(String virtualPath)
   at Orchard.Environment.DefaultBuildManager.GetCompiledAssembly(String virtualPath) in c:\Users\PaulM\Desktop\Projects\zone.timemfg.com\src\Orchard\Environment\IBuildManager.cs:line 53
2014-07-25 14:34:57,776 [12] Orchard.Environment.DefaultBuildManager - (null) - Error when compiling assembly under ~/Modules/Time.OrderLog/Time.OrderLog.csproj.
System.Web.HttpCompileException (0x80004005): c:\Users\PaulM\Desktop\Projects\zone.timemfg.com\src\Orchard.Web\Modules\Time.OrderLog\Controllers\HomeController.cs(106): error CS0104: 'EntityState' is an ambiguous reference between 'System.Data.EntityState' and 'System.Data.Entity.EntityState'
   at System.Web.Compilation.BuildManager.PostProcessFoundBuildResult(BuildResult result, Boolean keyFromVPP, VirtualPath virtualPath)
   at System.Web.Compilation.BuildManager.GetBuildResultFromCacheInternal(String cacheKey, Boolean keyFromVPP, VirtualPath virtualPath, Int64 hashCode, Boolean ensureIsUpToDate)
   at System.Web.Compilation.BuildManager.GetVPathBuildResultFromCacheInternal(VirtualPath virtualPath, Boolean ensureIsUpToDate)
   at System.Web.Compilation.BuildManager.GetVPathBuildResultInternal(VirtualPath virtualPath, Boolean noBuild, Boolean allowCrossApp, Boolean allowBuildInPrecompile, Boolean throwIfNotFound, Boolean ensureIsUpToDate)
   at System.Web.Compilation.BuildManager.GetVPathBuildResultWithNoAssert(HttpContext context, VirtualPath virtualPath, Boolean noBuild, Boolean allowCrossApp, Boolean allowBuildInPrecompile, Boolean throwIfNotFound, Boolean ensureIsUpToDate)
   at System.Web.Compilation.BuildManager.GetVPathBuildResult(HttpContext context, VirtualPath virtualPath, Boolean noBuild, Boolean allowCrossApp, Boolean allowBuildInPrecompile, Boolean ensureIsUpToDate)
   at System.Web.Compilation.BuildManager.GetCompiledAssembly(String virtualPath)
   at Orchard.Environment.DefaultBuildManager.GetCompiledAssembly(String virtualPath) in c:\Users\PaulM\Desktop\Projects\zone.timemfg.com\src\Orchard\Environment\IBuildManager.cs:line 53
2014-07-25 14:34:57,780 [12] Orchard.Environment.DefaultBuildManager - (null) - Error when compiling assembly under ~/Modules/Time.OrderLog/Time.OrderLog.csproj.
System.Web.HttpCompileException (0x80004005): c:\Users\PaulM\Desktop\Projects\zone.timemfg.com\src\Orchard.Web\Modules\Time.OrderLog\Controllers\HomeController.cs(106): error CS0104: 'EntityState' is an ambiguous reference between 'System.Data.EntityState' and 'System.Data.Entity.EntityState'
   at System.Web.Compilation.BuildManager.PostProcessFoundBuildResult(BuildResult result, Boolean keyFromVPP, VirtualPath virtualPath)
   at System.Web.Compilation.BuildManager.GetBuildResultFromCacheInternal(String cacheKey, Boolean keyFromVPP, VirtualPath virtualPath, Int64 hashCode, Boolean ensureIsUpToDate)
   at System.Web.Compilation.BuildManager.GetVPathBuildResultFromCacheInternal(VirtualPath virtualPath, Boolean ensureIsUpToDate)
   at System.Web.Compilation.BuildManager.GetVPathBuildResultInternal(VirtualPath virtualPath, Boolean noBuild, Boolean allowCrossApp, Boolean allowBuildInPrecompile, Boolean throwIfNotFound, Boolean ensureIsUpToDate)
   at System.Web.Compilation.BuildManager.GetVPathBuildResultWithNoAssert(HttpContext context, VirtualPath virtualPath, Boolean noBuild, Boolean allowCrossApp, Boolean allowBuildInPrecompile, Boolean throwIfNotFound, Boolean ensureIsUpToDate)
   at System.Web.Compilation.BuildManager.GetVPathBuildResult(HttpContext context, VirtualPath virtualPath, Boolean noBuild, Boolean allowCrossApp, Boolean allowBuildInPrecompile, Boolean ensureIsUpToDate)
   at System.Web.Compilation.BuildManager.GetCompiledAssembly(String virtualPath)
   at Orchard.Environment.DefaultBuildManager.GetCompiledAssembly(String virtualPath) in c:\Users\PaulM\Desktop\Projects\zone.timemfg.com\src\Orchard\Environment\IBuildManager.cs:line 53
2014-07-25 14:34:57,785 [12] Orchard.Environment.DefaultBuildManager - (null) - Error when compiling assembly under ~/Modules/Time.OrderLog/Time.OrderLog.csproj.
System.Web.HttpCompileException (0x80004005): c:\Users\PaulM\Desktop\Projects\zone.timemfg.com\src\Orchard.Web\Modules\Time.OrderLog\Controllers\HomeController.cs(106): error CS0104: 'EntityState' is an ambiguous reference between 'System.Data.EntityState' and 'System.Data.Entity.EntityState'
   at System.Web.Compilation.BuildManager.PostProcessFoundBuildResult(BuildResult result, Boolean keyFromVPP, VirtualPath virtualPath)
   at System.Web.Compilation.BuildManager.GetBuildResultFromCacheInternal(String cacheKey, Boolean keyFromVPP, VirtualPath virtualPath, Int64 hashCode, Boolean ensureIsUpToDate)
   at System.Web.Compilation.BuildManager.GetVPathBuildResultFromCacheInternal(VirtualPath virtualPath, Boolean ensureIsUpToDate)
   at System.Web.Compilation.BuildManager.GetVPathBuildResultInternal(VirtualPath virtualPath, Boolean noBuild, Boolean allowCrossApp, Boolean allowBuildInPrecompile, Boolean throwIfNotFound, Boolean ensureIsUpToDate)
   at System.Web.Compilation.BuildManager.GetVPathBuildResultWithNoAssert(HttpContext context, VirtualPath virtualPath, Boolean noBuild, Boolean allowCrossApp, Boolean allowBuildInPrecompile, Boolean throwIfNotFound, Boolean ensureIsUpToDate)
   at System.Web.Compilation.BuildManager.GetVPathBuildResult(HttpContext context, VirtualPath virtualPath, Boolean noBuild, Boolean allowCrossApp, Boolean allowBuildInPrecompile, Boolean ensureIsUpToDate)
   at System.Web.Compilation.BuildManager.GetCompiledAssembly(String virtualPath)
   at Orchard.Environment.DefaultBuildManager.GetCompiledAssembly(String virtualPath) in c:\Users\PaulM\Desktop\Projects\zone.timemfg.com\src\Orchard\Environment\IBuildManager.cs:line 53
2014-07-25 14:34:57,797 [12] Orchard.Environment.DefaultBuildManager - (null) - Error when compiling assembly under ~/Modules/Time.OrderLog/Time.OrderLog.csproj.
System.Web.HttpCompileException (0x80004005): c:\Users\PaulM\Desktop\Projects\zone.timemfg.com\src\Orchard.Web\Modules\Time.OrderLog\Controllers\HomeController.cs(106): error CS0104: 'EntityState' is an ambiguous reference between 'System.Data.EntityState' and 'System.Data.Entity.EntityState'
   at System.Web.Compilation.BuildManager.PostProcessFoundBuildResult(BuildResult result, Boolean keyFromVPP, VirtualPath virtualPath)
   at System.Web.Compilation.BuildManager.GetBuildResultFromCacheInternal(String cacheKey, Boolean keyFromVPP, VirtualPath virtualPath, Int64 hashCode, Boolean ensureIsUpToDate)
   at System.Web.Compilation.BuildManager.GetVPathBuildResultFromCacheInternal(VirtualPath virtualPath, Boolean ensureIsUpToDate)
   at System.Web.Compilation.BuildManager.GetVPathBuildResultInternal(VirtualPath virtualPath, Boolean noBuild, Boolean allowCrossApp, Boolean allowBuildInPrecompile, Boolean throwIfNotFound, Boolean ensureIsUpToDate)
   at System.Web.Compilation.BuildManager.GetVPathBuildResultWithNoAssert(HttpContext context, VirtualPath virtualPath, Boolean noBuild, Boolean allowCrossApp, Boolean allowBuildInPrecompile, Boolean throwIfNotFound, Boolean ensureIsUpToDate)
   at System.Web.Compilation.BuildManager.GetVPathBuildResult(HttpContext context, VirtualPath virtualPath, Boolean noBuild, Boolean allowCrossApp, Boolean allowBuildInPrecompile, Boolean ensureIsUpToDate)
   at System.Web.Compilation.BuildManager.GetCompiledAssembly(String virtualPath)
   at Orchard.Environment.DefaultBuildManager.GetCompiledAssembly(String virtualPath) in c:\Users\PaulM\Desktop\Projects\zone.timemfg.com\src\Orchard\Environment\IBuildManager.cs:line 53
2014-07-25 14:34:57,803 [12] Orchard.Environment.DefaultBuildManager - (null) - Error when compiling assembly under ~/Modules/Time.OrderLog/Time.OrderLog.csproj.
System.Web.HttpCompileException (0x80004005): c:\Users\PaulM\Desktop\Projects\zone.timemfg.com\src\Orchard.Web\Modules\Time.OrderLog\Controllers\HomeController.cs(106): error CS0104: 'EntityState' is an ambiguous reference between 'System.Data.EntityState' and 'System.Data.Entity.EntityState'
   at System.Web.Compilation.BuildManager.PostProcessFoundBuildResult(BuildResult result, Boolean keyFromVPP, VirtualPath virtualPath)
   at System.Web.Compilation.BuildManager.GetBuildResultFromCacheInternal(String cacheKey, Boolean keyFromVPP, VirtualPath virtualPath, Int64 hashCode, Boolean ensureIsUpToDate)
   at System.Web.Compilation.BuildManager.GetVPathBuildResultFromCacheInternal(VirtualPath virtualPath, Boolean ensureIsUpToDate)
   at System.Web.Compilation.BuildManager.GetVPathBuildResultInternal(VirtualPath virtualPath, Boolean noBuild, Boolean allowCrossApp, Boolean allowBuildInPrecompile, Boolean throwIfNotFound, Boolean ensureIsUpToDate)
   at System.Web.Compilation.BuildManager.GetVPathBuildResultWithNoAssert(HttpContext context, VirtualPath virtualPath, Boolean noBuild, Boolean allowCrossApp, Boolean allowBuildInPrecompile, Boolean throwIfNotFound, Boolean ensureIsUpToDate)
   at System.Web.Compilation.BuildManager.GetVPathBuildResult(HttpContext context, VirtualPath virtualPath, Boolean noBuild, Boolean allowCrossApp, Boolean allowBuildInPrecompile, Boolean ensureIsUpToDate)
   at System.Web.Compilation.BuildManager.GetCompiledAssembly(String virtualPath)
   at Orchard.Environment.DefaultBuildManager.GetCompiledAssembly(String virtualPath) in c:\Users\PaulM\Desktop\Projects\zone.timemfg.com\src\Orchard\Environment\IBuildManager.cs:line 53
2014-07-25 14:34:57,808 [12] Orchard.Environment.DefaultBuildManager - (null) - Error when compiling assembly under ~/Modules/Time.OrderLog/Time.OrderLog.csproj.
System.Web.HttpCompileException (0x80004005): c:\Users\PaulM\Desktop\Projects\zone.timemfg.com\src\Orchard.Web\Modules\Time.OrderLog\Controllers\HomeController.cs(106): error CS0104: 'EntityState' is an ambiguous reference between 'System.Data.EntityState' and 'System.Data.Entity.EntityState'
   at System.Web.Compilation.BuildManager.PostProcessFoundBuildResult(BuildResult result, Boolean keyFromVPP, VirtualPath virtualPath)
   at System.Web.Compilation.BuildManager.GetBuildResultFromCacheInternal(String cacheKey, Boolean keyFromVPP, VirtualPath virtualPath, Int64 hashCode, Boolean ensureIsUpToDate)
   at System.Web.Compilation.BuildManager.GetVPathBuildResultFromCacheInternal(VirtualPath virtualPath, Boolean ensureIsUpToDate)
   at System.Web.Compilation.BuildManager.GetVPathBuildResultInternal(VirtualPath virtualPath, Boolean noBuild, Boolean allowCrossApp, Boolean allowBuildInPrecompile, Boolean throwIfNotFound, Boolean ensureIsUpToDate)
   at System.Web.Compilation.BuildManager.GetVPathBuildResultWithNoAssert(HttpContext context, VirtualPath virtualPath, Boolean noBuild, Boolean allowCrossApp, Boolean allowBuildInPrecompile, Boolean throwIfNotFound, Boolean ensureIsUpToDate)
   at System.Web.Compilation.BuildManager.GetVPathBuildResult(HttpContext context, VirtualPath virtualPath, Boolean noBuild, Boolean allowCrossApp, Boolean allowBuildInPrecompile, Boolean ensureIsUpToDate)
   at System.Web.Compilation.BuildManager.GetCompiledAssembly(String virtualPath)
   at Orchard.Environment.DefaultBuildManager.GetCompiledAssembly(String virtualPath) in c:\Users\PaulM\Desktop\Projects\zone.timemfg.com\src\Orchard\Environment\IBuildManager.cs:line 53
2014-07-25 14:34:57,813 [12] Orchard.Environment.DefaultBuildManager - (null) - Error when compiling assembly under ~/Modules/Time.OrderLog/Time.OrderLog.csproj.
System.Web.HttpCompileException (0x80004005): c:\Users\PaulM\Desktop\Projects\zone.timemfg.com\src\Orchard.Web\Modules\Time.OrderLog\Controllers\HomeController.cs(106): error CS0104: 'EntityState' is an ambiguous reference between 'System.Data.EntityState' and 'System.Data.Entity.EntityState'
   at System.Web.Compilation.BuildManager.PostProcessFoundBuildResult(BuildResult result, Boolean keyFromVPP, VirtualPath virtualPath)
   at System.Web.Compilation.BuildManager.GetBuildResultFromCacheInternal(String cacheKey, Boolean keyFromVPP, VirtualPath virtualPath, Int64 hashCode, Boolean ensureIsUpToDate)
   at System.Web.Compilation.BuildManager.GetVPathBuildResultFromCacheInternal(VirtualPath virtualPath, Boolean ensureIsUpToDate)
   at System.Web.Compilation.BuildManager.GetVPathBuildResultInternal(VirtualPath virtualPath, Boolean noBuild, Boolean allowCrossApp, Boolean allowBuildInPrecompile, Boolean throwIfNotFound, Boolean ensureIsUpToDate)
   at System.Web.Compilation.BuildManager.GetVPathBuildResultWithNoAssert(HttpContext context, VirtualPath virtualPath, Boolean noBuild, Boolean allowCrossApp, Boolean allowBuildInPrecompile, Boolean throwIfNotFound, Boolean ensureIsUpToDate)
   at System.Web.Compilation.BuildManager.GetVPathBuildResult(HttpContext context, VirtualPath virtualPath, Boolean noBuild, Boolean allowCrossApp, Boolean allowBuildInPrecompile, Boolean ensureIsUpToDate)
   at System.Web.Compilation.BuildManager.GetCompiledAssembly(String virtualPath)
   at Orchard.Environment.DefaultBuildManager.GetCompiledAssembly(String virtualPath) in c:\Users\PaulM\Desktop\Projects\zone.timemfg.com\src\Orchard\Environment\IBuildManager.cs:line 53
2014-07-25 14:34:57,819 [12] Orchard.Environment.DefaultBuildManager - (null) - Error when compiling assembly under ~/Modules/Time.OrderLog/Time.OrderLog.csproj.
System.Web.HttpCompileException (0x80004005): c:\Users\PaulM\Desktop\Projects\zone.timemfg.com\src\Orchard.Web\Modules\Time.OrderLog\Controllers\HomeController.cs(106): error CS0104: 'EntityState' is an ambiguous reference between 'System.Data.EntityState' and 'System.Data.Entity.EntityState'
   at System.Web.Compilation.BuildManager.PostProcessFoundBuildResult(BuildResult result, Boolean keyFromVPP, VirtualPath virtualPath)
   at System.Web.Compilation.BuildManager.GetBuildResultFromCacheInternal(String cacheKey, Boolean keyFromVPP, VirtualPath virtualPath, Int64 hashCode, Boolean ensureIsUpToDate)
   at System.Web.Compilation.BuildManager.GetVPathBuildResultFromCacheInternal(VirtualPath virtualPath, Boolean ensureIsUpToDate)
   at System.Web.Compilation.BuildManager.GetVPathBuildResultInternal(VirtualPath virtualPath, Boolean noBuild, Boolean allowCrossApp, Boolean allowBuildInPrecompile, Boolean throwIfNotFound, Boolean ensureIsUpToDate)
   at System.Web.Compilation.BuildManager.GetVPathBuildResultWithNoAssert(HttpContext context, VirtualPath virtualPath, Boolean noBuild, Boolean allowCrossApp, Boolean allowBuildInPrecompile, Boolean throwIfNotFound, Boolean ensureIsUpToDate)
   at System.Web.Compilation.BuildManager.GetVPathBuildResult(HttpContext context, VirtualPath virtualPath, Boolean noBuild, Boolean allowCrossApp, Boolean allowBuildInPrecompile, Boolean ensureIsUpToDate)
   at System.Web.Compilation.BuildManager.GetCompiledAssembly(String virtualPath)
   at Orchard.Environment.DefaultBuildManager.GetCompiledAssembly(String virtualPath) in c:\Users\PaulM\Desktop\Projects\zone.timemfg.com\src\Orchard\Environment\IBuildManager.cs:line 53
2014-07-25 14:34:57,823 [12] Orchard.Environment.DefaultBuildManager - (null) - Error when compiling assembly under ~/Modules/Time.OrderLog/Time.OrderLog.csproj.
System.Web.HttpCompileException (0x80004005): c:\Users\PaulM\Desktop\Projects\zone.timemfg.com\src\Orchard.Web\Modules\Time.OrderLog\Controllers\HomeController.cs(106): error CS0104: 'EntityState' is an ambiguous reference between 'System.Data.EntityState' and 'System.Data.Entity.EntityState'
   at System.Web.Compilation.BuildManager.PostProcessFoundBuildResult(BuildResult result, Boolean keyFromVPP, VirtualPath virtualPath)
   at System.Web.Compilation.BuildManager.GetBuildResultFromCacheInternal(String cacheKey, Boolean keyFromVPP, VirtualPath virtualPath, Int64 hashCode, Boolean ensureIsUpToDate)
   at System.Web.Compilation.BuildManager.GetVPathBuildResultFromCacheInternal(VirtualPath virtualPath, Boolean ensureIsUpToDate)
   at System.Web.Compilation.BuildManager.GetVPathBuildResultInternal(VirtualPath virtualPath, Boolean noBuild, Boolean allowCrossApp, Boolean allowBuildInPrecompile, Boolean throwIfNotFound, Boolean ensureIsUpToDate)
   at System.Web.Compilation.BuildManager.GetVPathBuildResultWithNoAssert(HttpContext context, VirtualPath virtualPath, Boolean noBuild, Boolean allowCrossApp, Boolean allowBuildInPrecompile, Boolean throwIfNotFound, Boolean ensureIsUpToDate)
   at System.Web.Compilation.BuildManager.GetVPathBuildResult(HttpContext context, VirtualPath virtualPath, Boolean noBuild, Boolean allowCrossApp, Boolean allowBuildInPrecompile, Boolean ensureIsUpToDate)
   at System.Web.Compilation.BuildManager.GetCompiledAssembly(String virtualPath)
   at Orchard.Environment.DefaultBuildManager.GetCompiledAssembly(String virtualPath) in c:\Users\PaulM\Desktop\Projects\zone.timemfg.com\src\Orchard\Environment\IBuildManager.cs:line 53
2014-07-25 14:34:57,828 [12] Orchard.Environment.DefaultBuildManager - (null) - Error when compiling assembly under ~/Modules/Time.OrderLog/Time.OrderLog.csproj.
System.Web.HttpCompileException (0x80004005): c:\Users\PaulM\Desktop\Projects\zone.timemfg.com\src\Orchard.Web\Modules\Time.OrderLog\Controllers\HomeController.cs(106): error CS0104: 'EntityState' is an ambiguous reference between 'System.Data.EntityState' and 'System.Data.Entity.EntityState'
   at System.Web.Compilation.BuildManager.PostProcessFoundBuildResult(BuildResult result, Boolean keyFromVPP, VirtualPath virtualPath)
   at System.Web.Compilation.BuildManager.GetBuildResultFromCacheInternal(String cacheKey, Boolean keyFromVPP, VirtualPath virtualPath, Int64 hashCode, Boolean ensureIsUpToDate)
   at System.Web.Compilation.BuildManager.GetVPathBuildResultFromCacheInternal(VirtualPath virtualPath, Boolean ensureIsUpToDate)
   at System.Web.Compilation.BuildManager.GetVPathBuildResultInternal(VirtualPath virtualPath, Boolean noBuild, Boolean allowCrossApp, Boolean allowBuildInPrecompile, Boolean throwIfNotFound, Boolean ensureIsUpToDate)
   at System.Web.Compilation.BuildManager.GetVPathBuildResultWithNoAssert(HttpContext context, VirtualPath virtualPath, Boolean noBuild, Boolean allowCrossApp, Boolean allowBuildInPrecompile, Boolean throwIfNotFound, Boolean ensureIsUpToDate)
   at System.Web.Compilation.BuildManager.GetVPathBuildResult(HttpContext context, VirtualPath virtualPath, Boolean noBuild, Boolean allowCrossApp, Boolean allowBuildInPrecompile, Boolean ensureIsUpToDate)
   at System.Web.Compilation.BuildManager.GetCompiledAssembly(String virtualPath)
   at Orchard.Environment.DefaultBuildManager.GetCompiledAssembly(String virtualPath) in c:\Users\PaulM\Desktop\Projects\zone.timemfg.com\src\Orchard\Environment\IBuildManager.cs:line 53
2014-07-25 14:34:57,836 [12] Orchard.Environment.DefaultBuildManager - (null) - Error when compiling assembly under ~/Modules/Time.OrderLog/Time.OrderLog.csproj.
System.Web.HttpCompileException (0x80004005): c:\Users\PaulM\Desktop\Projects\zone.timemfg.com\src\Orchard.Web\Modules\Time.OrderLog\Controllers\HomeController.cs(106): error CS0104: 'EntityState' is an ambiguous reference between 'System.Data.EntityState' and 'System.Data.Entity.EntityState'
   at System.Web.Compilation.BuildManager.PostProcessFoundBuildResult(BuildResult result, Boolean keyFromVPP, VirtualPath virtualPath)
   at System.Web.Compilation.BuildManager.GetBuildResultFromCacheInternal(String cacheKey, Boolean keyFromVPP, VirtualPath virtualPath, Int64 hashCode, Boolean ensureIsUpToDate)
   at System.Web.Compilation.BuildManager.GetVPathBuildResultFromCacheInternal(VirtualPath virtualPath, Boolean ensureIsUpToDate)
   at System.Web.Compilation.BuildManager.GetVPathBuildResultInternal(VirtualPath virtualPath, Boolean noBuild, Boolean allowCrossApp, Boolean allowBuildInPrecompile, Boolean throwIfNotFound, Boolean ensureIsUpToDate)
   at System.Web.Compilation.BuildManager.GetVPathBuildResultWithNoAssert(HttpContext context, VirtualPath virtualPath, Boolean noBuild, Boolean allowCrossApp, Boolean allowBuildInPrecompile, Boolean throwIfNotFound, Boolean ensureIsUpToDate)
   at System.Web.Compilation.BuildManager.GetVPathBuildResult(HttpContext context, VirtualPath virtualPath, Boolean noBuild, Boolean allowCrossApp, Boolean allowBuildInPrecompile, Boolean ensureIsUpToDate)
   at System.Web.Compilation.BuildManager.GetCompiledAssembly(String virtualPath)
   at Orchard.Environment.DefaultBuildManager.GetCompiledAssembly(String virtualPath) in c:\Users\PaulM\Desktop\Projects\zone.timemfg.com\src\Orchard\Environment\IBuildManager.cs:line 53
2014-07-25 14:34:57,840 [12] Orchard.Environment.DefaultBuildManager - (null) - Error when compiling assembly under ~/Modules/Time.OrderLog/Time.OrderLog.csproj.
System.Web.HttpCompileException (0x80004005): c:\Users\PaulM\Desktop\Projects\zone.timemfg.com\src\Orchard.Web\Modules\Time.OrderLog\Controllers\HomeController.cs(106): error CS0104: 'EntityState' is an ambiguous reference between 'System.Data.EntityState' and 'System.Data.Entity.EntityState'
   at System.Web.Compilation.BuildManager.PostProcessFoundBuildResult(BuildResult result, Boolean keyFromVPP, VirtualPath virtualPath)
   at System.Web.Compilation.BuildManager.GetBuildResultFromCacheInternal(String cacheKey, Boolean keyFromVPP, VirtualPath virtualPath, Int64 hashCode, Boolean ensureIsUpToDate)
   at System.Web.Compilation.BuildManager.GetVPathBuildResultFromCacheInternal(VirtualPath virtualPath, Boolean ensureIsUpToDate)
   at System.Web.Compilation.BuildManager.GetVPathBuildResultInternal(VirtualPath virtualPath, Boolean noBuild, Boolean allowCrossApp, Boolean allowBuildInPrecompile, Boolean throwIfNotFound, Boolean ensureIsUpToDate)
   at System.Web.Compilation.BuildManager.GetVPathBuildResultWithNoAssert(HttpContext context, VirtualPath virtualPath, Boolean noBuild, Boolean allowCrossApp, Boolean allowBuildInPrecompile, Boolean throwIfNotFound, Boolean ensureIsUpToDate)
   at System.Web.Compilation.BuildManager.GetVPathBuildResult(HttpContext context, VirtualPath virtualPath, Boolean noBuild, Boolean allowCrossApp, Boolean allowBuildInPrecompile, Boolean ensureIsUpToDate)
   at System.Web.Compilation.BuildManager.GetCompiledAssembly(String virtualPath)
   at Orchard.Environment.DefaultBuildManager.GetCompiledAssembly(String virtualPath) in c:\Users\PaulM\Desktop\Projects\zone.timemfg.com\src\Orchard\Environment\IBuildManager.cs:line 53
2014-07-25 14:34:57,844 [12] Orchard.Environment.DefaultBuildManager - (null) - Error when compiling assembly under ~/Modules/Time.OrderLog/Time.OrderLog.csproj.
System.Web.HttpCompileException (0x80004005): c:\Users\PaulM\Desktop\Projects\zone.timemfg.com\src\Orchard.Web\Modules\Time.OrderLog\Controllers\HomeController.cs(106): error CS0104: 'EntityState' is an ambiguous reference between 'System.Data.EntityState' and 'System.Data.Entity.EntityState'
   at System.Web.Compilation.BuildManager.PostProcessFoundBuildResult(BuildResult result, Boolean keyFromVPP, VirtualPath virtualPath)
   at System.Web.Compilation.BuildManager.GetBuildResultFromCacheInternal(String cacheKey, Boolean keyFromVPP, VirtualPath virtualPath, Int64 hashCode, Boolean ensureIsUpToDate)
   at System.Web.Compilation.BuildManager.GetVPathBuildResultFromCacheInternal(VirtualPath virtualPath, Boolean ensureIsUpToDate)
   at System.Web.Compilation.BuildManager.GetVPathBuildResultInternal(VirtualPath virtualPath, Boolean noBuild, Boolean allowCrossApp, Boolean allowBuildInPrecompile, Boolean throwIfNotFound, Boolean ensureIsUpToDate)
   at System.Web.Compilation.BuildManager.GetVPathBuildResultWithNoAssert(HttpContext context, VirtualPath virtualPath, Boolean noBuild, Boolean allowCrossApp, Boolean allowBuildInPrecompile, Boolean throwIfNotFound, Boolean ensureIsUpToDate)
   at System.Web.Compilation.BuildManager.GetVPathBuildResult(HttpContext context, VirtualPath virtualPath, Boolean noBuild, Boolean allowCrossApp, Boolean allowBuildInPrecompile, Boolean ensureIsUpToDate)
   at System.Web.Compilation.BuildManager.GetCompiledAssembly(String virtualPath)
   at Orchard.Environment.DefaultBuildManager.GetCompiledAssembly(String virtualPath) in c:\Users\PaulM\Desktop\Projects\zone.timemfg.com\src\Orchard\Environment\IBuildManager.cs:line 53
2014-07-25 14:34:57,848 [12] Orchard.Environment.DefaultBuildManager - (null) - Error when compiling assembly under ~/Modules/Time.OrderLog/Time.OrderLog.csproj.
System.Web.HttpCompileException (0x80004005): c:\Users\PaulM\Desktop\Projects\zone.timemfg.com\src\Orchard.Web\Modules\Time.OrderLog\Controllers\HomeController.cs(106): error CS0104: 'EntityState' is an ambiguous reference between 'System.Data.EntityState' and 'System.Data.Entity.EntityState'
   at System.Web.Compilation.BuildManager.PostProcessFoundBuildResult(BuildResult result, Boolean keyFromVPP, VirtualPath virtualPath)
   at System.Web.Compilation.BuildManager.GetBuildResultFromCacheInternal(String cacheKey, Boolean keyFromVPP, VirtualPath virtualPath, Int64 hashCode, Boolean ensureIsUpToDate)
   at System.Web.Compilation.BuildManager.GetVPathBuildResultFromCacheInternal(VirtualPath virtualPath, Boolean ensureIsUpToDate)
   at System.Web.Compilation.BuildManager.GetVPathBuildResultInternal(VirtualPath virtualPath, Boolean noBuild, Boolean allowCrossApp, Boolean allowBuildInPrecompile, Boolean throwIfNotFound, Boolean ensureIsUpToDate)
   at System.Web.Compilation.BuildManager.GetVPathBuildResultWithNoAssert(HttpContext context, VirtualPath virtualPath, Boolean noBuild, Boolean allowCrossApp, Boolean allowBuildInPrecompile, Boolean throwIfNotFound, Boolean ensureIsUpToDate)
   at System.Web.Compilation.BuildManager.GetVPathBuildResult(HttpContext context, VirtualPath virtualPath, Boolean noBuild, Boolean allowCrossApp, Boolean allowBuildInPrecompile, Boolean ensureIsUpToDate)
   at System.Web.Compilation.BuildManager.GetCompiledAssembly(String virtualPath)
   at Orchard.Environment.DefaultBuildManager.GetCompiledAssembly(String virtualPath) in c:\Users\PaulM\Desktop\Projects\zone.timemfg.com\src\Orchard\Environment\IBuildManager.cs:line 53
2014-07-25 14:34:57,853 [12] Orchard.Environment.DefaultBuildManager - (null) - Error when compiling assembly under ~/Modules/Time.OrderLog/Time.OrderLog.csproj.
System.Web.HttpCompileException (0x80004005): c:\Users\PaulM\Desktop\Projects\zone.timemfg.com\src\Orchard.Web\Modules\Time.OrderLog\Controllers\HomeController.cs(106): error CS0104: 'EntityState' is an ambiguous reference between 'System.Data.EntityState' and 'System.Data.Entity.EntityState'
   at System.Web.Compilation.BuildManager.PostProcessFoundBuildResult(BuildResult result, Boolean keyFromVPP, VirtualPath virtualPath)
   at System.Web.Compilation.BuildManager.GetBuildResultFromCacheInternal(String cacheKey, Boolean keyFromVPP, VirtualPath virtualPath, Int64 hashCode, Boolean ensureIsUpToDate)
   at System.Web.Compilation.BuildManager.GetVPathBuildResultFromCacheInternal(VirtualPath virtualPath, Boolean ensureIsUpToDate)
   at System.Web.Compilation.BuildManager.GetVPathBuildResultInternal(VirtualPath virtualPath, Boolean noBuild, Boolean allowCrossApp, Boolean allowBuildInPrecompile, Boolean throwIfNotFound, Boolean ensureIsUpToDate)
   at System.Web.Compilation.BuildManager.GetVPathBuildResultWithNoAssert(HttpContext context, VirtualPath virtualPath, Boolean noBuild, Boolean allowCrossApp, Boolean allowBuildInPrecompile, Boolean throwIfNotFound, Boolean ensureIsUpToDate)
   at System.Web.Compilation.BuildManager.GetVPathBuildResult(HttpContext context, VirtualPath virtualPath, Boolean noBuild, Boolean allowCrossApp, Boolean allowBuildInPrecompile, Boolean ensureIsUpToDate)
   at System.Web.Compilation.BuildManager.GetCompiledAssembly(String virtualPath)
   at Orchard.Environment.DefaultBuildManager.GetCompiledAssembly(String virtualPath) in c:\Users\PaulM\Desktop\Projects\zone.timemfg.com\src\Orchard\Environment\IBuildManager.cs:line 53
2014-07-25 14:34:57,857 [12] Orchard.Environment.DefaultBuildManager - (null) - Error when compiling assembly under ~/Modules/Time.OrderLog/Time.OrderLog.csproj.
System.Web.HttpCompileException (0x80004005): c:\Users\PaulM\Desktop\Projects\zone.timemfg.com\src\Orchard.Web\Modules\Time.OrderLog\Controllers\HomeController.cs(106): error CS0104: 'EntityState' is an ambiguous reference between 'System.Data.EntityState' and 'System.Data.Entity.EntityState'
   at System.Web.Compilation.BuildManager.PostProcessFoundBuildResult(BuildResult result, Boolean keyFromVPP, VirtualPath virtualPath)
   at System.Web.Compilation.BuildManager.GetBuildResultFromCacheInternal(String cacheKey, Boolean keyFromVPP, VirtualPath virtualPath, Int64 hashCode, Boolean ensureIsUpToDate)
   at System.Web.Compilation.BuildManager.GetVPathBuildResultFromCacheInternal(VirtualPath virtualPath, Boolean ensureIsUpToDate)
   at System.Web.Compilation.BuildManager.GetVPathBuildResultInternal(VirtualPath virtualPath, Boolean noBuild, Boolean allowCrossApp, Boolean allowBuildInPrecompile, Boolean throwIfNotFound, Boolean ensureIsUpToDate)
   at System.Web.Compilation.BuildManager.GetVPathBuildResultWithNoAssert(HttpContext context, VirtualPath virtualPath, Boolean noBuild, Boolean allowCrossApp, Boolean allowBuildInPrecompile, Boolean throwIfNotFound, Boolean ensureIsUpToDate)
   at System.Web.Compilation.BuildManager.GetVPathBuildResult(HttpContext context, VirtualPath virtualPath, Boolean noBuild, Boolean allowCrossApp, Boolean allowBuildInPrecompile, Boolean ensureIsUpToDate)
   at System.Web.Compilation.BuildManager.GetCompiledAssembly(String virtualPath)
   at Orchard.Environment.DefaultBuildManager.GetCompiledAssembly(String virtualPath) in c:\Users\PaulM\Desktop\Projects\zone.timemfg.com\src\Orchard\Environment\IBuildManager.cs:line 53
2014-07-25 14:34:57,868 [12] Orchard.Environment.DefaultBuildManager - (null) - Error when compiling assembly under ~/Modules/Time.OrderLog/Time.OrderLog.csproj.
System.Web.HttpCompileException (0x80004005): c:\Users\PaulM\Desktop\Projects\zone.timemfg.com\src\Orchard.Web\Modules\Time.OrderLog\Controllers\HomeController.cs(106): error CS0104: 'EntityState' is an ambiguous reference between 'System.Data.EntityState' and 'System.Data.Entity.EntityState'
   at System.Web.Compilation.BuildManager.PostProcessFoundBuildResult(BuildResult result, Boolean keyFromVPP, VirtualPath virtualPath)
   at System.Web.Compilation.BuildManager.GetBuildResultFromCacheInternal(String cacheKey, Boolean keyFromVPP, VirtualPath virtualPath, Int64 hashCode, Boolean ensureIsUpToDate)
   at System.Web.Compilation.BuildManager.GetVPathBuildResultFromCacheInternal(VirtualPath virtualPath, Boolean ensureIsUpToDate)
   at System.Web.Compilation.BuildManager.GetVPathBuildResultInternal(VirtualPath virtualPath, Boolean noBuild, Boolean allowCrossApp, Boolean allowBuildInPrecompile, Boolean throwIfNotFound, Boolean ensureIsUpToDate)
   at System.Web.Compilation.BuildManager.GetVPathBuildResultWithNoAssert(HttpContext context, VirtualPath virtualPath, Boolean noBuild, Boolean allowCrossApp, Boolean allowBuildInPrecompile, Boolean throwIfNotFound, Boolean ensureIsUpToDate)
   at System.Web.Compilation.BuildManager.GetVPathBuildResult(HttpContext context, VirtualPath virtualPath, Boolean noBuild, Boolean allowCrossApp, Boolean allowBuildInPrecompile, Boolean ensureIsUpToDate)
   at System.Web.Compilation.BuildManager.GetCompiledAssembly(String virtualPath)
   at Orchard.Environment.DefaultBuildManager.GetCompiledAssembly(String virtualPath) in c:\Users\PaulM\Desktop\Projects\zone.timemfg.com\src\Orchard\Environment\IBuildManager.cs:line 53
2014-07-25 14:34:57,875 [12] Orchard.Environment.DefaultBuildManager - (null) - Error when compiling assembly under ~/Modules/Time.OrderLog/Time.OrderLog.csproj.
System.Web.HttpCompileException (0x80004005): c:\Users\PaulM\Desktop\Projects\zone.timemfg.com\src\Orchard.Web\Modules\Time.OrderLog\Controllers\HomeController.cs(106): error CS0104: 'EntityState' is an ambiguous reference between 'System.Data.EntityState' and 'System.Data.Entity.EntityState'
   at System.Web.Compilation.BuildManager.PostProcessFoundBuildResult(BuildResult result, Boolean keyFromVPP, VirtualPath virtualPath)
   at System.Web.Compilation.BuildManager.GetBuildResultFromCacheInternal(String cacheKey, Boolean keyFromVPP, VirtualPath virtualPath, Int64 hashCode, Boolean ensureIsUpToDate)
   at System.Web.Compilation.BuildManager.GetVPathBuildResultFromCacheInternal(VirtualPath virtualPath, Boolean ensureIsUpToDate)
   at System.Web.Compilation.BuildManager.GetVPathBuildResultInternal(VirtualPath virtualPath, Boolean noBuild, Boolean allowCrossApp, Boolean allowBuildInPrecompile, Boolean throwIfNotFound, Boolean ensureIsUpToDate)
   at System.Web.Compilation.BuildManager.GetVPathBuildResultWithNoAssert(HttpContext context, VirtualPath virtualPath, Boolean noBuild, Boolean allowCrossApp, Boolean allowBuildInPrecompile, Boolean throwIfNotFound, Boolean ensureIsUpToDate)
   at System.Web.Compilation.BuildManager.GetVPathBuildResult(HttpContext context, VirtualPath virtualPath, Boolean noBuild, Boolean allowCrossApp, Boolean allowBuildInPrecompile, Boolean ensureIsUpToDate)
   at System.Web.Compilation.BuildManager.GetCompiledAssembly(String virtualPath)
   at Orchard.Environment.DefaultBuildManager.GetCompiledAssembly(String virtualPath) in c:\Users\PaulM\Desktop\Projects\zone.timemfg.com\src\Orchard\Environment\IBuildManager.cs:line 53
2014-07-25 14:34:57,879 [12] Orchard.Environment.DefaultBuildManager - (null) - Error when compiling assembly under ~/Modules/Time.OrderLog/Time.OrderLog.csproj.
System.Web.HttpCompileException (0x80004005): c:\Users\PaulM\Desktop\Projects\zone.timemfg.com\src\Orchard.Web\Modules\Time.OrderLog\Controllers\HomeController.cs(106): error CS0104: 'EntityState' is an ambiguous reference between 'System.Data.EntityState' and 'System.Data.Entity.EntityState'
   at System.Web.Compilation.BuildManager.PostProcessFoundBuildResult(BuildResult result, Boolean keyFromVPP, VirtualPath virtualPath)
   at System.Web.Compilation.BuildManager.GetBuildResultFromCacheInternal(String cacheKey, Boolean keyFromVPP, VirtualPath virtualPath, Int64 hashCode, Boolean ensureIsUpToDate)
   at System.Web.Compilation.BuildManager.GetVPathBuildResultFromCacheInternal(VirtualPath virtualPath, Boolean ensureIsUpToDate)
   at System.Web.Compilation.BuildManager.GetVPathBuildResultInternal(VirtualPath virtualPath, Boolean noBuild, Boolean allowCrossApp, Boolean allowBuildInPrecompile, Boolean throwIfNotFound, Boolean ensureIsUpToDate)
   at System.Web.Compilation.BuildManager.GetVPathBuildResultWithNoAssert(HttpContext context, VirtualPath virtualPath, Boolean noBuild, Boolean allowCrossApp, Boolean allowBuildInPrecompile, Boolean throwIfNotFound, Boolean ensureIsUpToDate)
   at System.Web.Compilation.BuildManager.GetVPathBuildResult(HttpContext context, VirtualPath virtualPath, Boolean noBuild, Boolean allowCrossApp, Boolean allowBuildInPrecompile, Boolean ensureIsUpToDate)
   at System.Web.Compilation.BuildManager.GetCompiledAssembly(String virtualPath)
   at Orchard.Environment.DefaultBuildManager.GetCompiledAssembly(String virtualPath) in c:\Users\PaulM\Desktop\Projects\zone.timemfg.com\src\Orchard\Environment\IBuildManager.cs:line 53
2014-07-25 14:34:57,883 [12] Orchard.Environment.DefaultBuildManager - (null) - Error when compiling assembly under ~/Modules/Time.OrderLog/Time.OrderLog.csproj.
System.Web.HttpCompileException (0x80004005): c:\Users\PaulM\Desktop\Projects\zone.timemfg.com\src\Orchard.Web\Modules\Time.OrderLog\Controllers\HomeController.cs(106): error CS0104: 'EntityState' is an ambiguous reference between 'System.Data.EntityState' and 'System.Data.Entity.EntityState'
   at System.Web.Compilation.BuildManager.PostProcessFoundBuildResult(BuildResult result, Boolean keyFromVPP, VirtualPath virtualPath)
   at System.Web.Compilation.BuildManager.GetBuildResultFromCacheInternal(String cacheKey, Boolean keyFromVPP, VirtualPath virtualPath, Int64 hashCode, Boolean ensureIsUpToDate)
   at System.Web.Compilation.BuildManager.GetVPathBuildResultFromCacheInternal(VirtualPath virtualPath, Boolean ensureIsUpToDate)
   at System.Web.Compilation.BuildManager.GetVPathBuildResultInternal(VirtualPath virtualPath, Boolean noBuild, Boolean allowCrossApp, Boolean allowBuildInPrecompile, Boolean throwIfNotFound, Boolean ensureIsUpToDate)
   at System.Web.Compilation.BuildManager.GetVPathBuildResultWithNoAssert(HttpContext context, VirtualPath virtualPath, Boolean noBuild, Boolean allowCrossApp, Boolean allowBuildInPrecompile, Boolean throwIfNotFound, Boolean ensureIsUpToDate)
   at System.Web.Compilation.BuildManager.GetVPathBuildResult(HttpContext context, VirtualPath virtualPath, Boolean noBuild, Boolean allowCrossApp, Boolean allowBuildInPrecompile, Boolean ensureIsUpToDate)
   at System.Web.Compilation.BuildManager.GetCompiledAssembly(String virtualPath)
   at Orchard.Environment.DefaultBuildManager.GetCompiledAssembly(String virtualPath) in c:\Users\PaulM\Desktop\Projects\zone.timemfg.com\src\Orchard\Environment\IBuildManager.cs:line 53
2014-07-25 14:34:57,886 [12] Orchard.Environment.DefaultBuildManager - (null) - Error when compiling assembly under ~/Modules/Time.OrderLog/Time.OrderLog.csproj.
System.Web.HttpCompileException (0x80004005): c:\Users\PaulM\Desktop\Projects\zone.timemfg.com\src\Orchard.Web\Modules\Time.OrderLog\Controllers\HomeController.cs(106): error CS0104: 'EntityState' is an ambiguous reference between 'System.Data.EntityState' and 'System.Data.Entity.EntityState'
   at System.Web.Compilation.BuildManager.PostProcessFoundBuildResult(BuildResult result, Boolean keyFromVPP, VirtualPath virtualPath)
   at System.Web.Compilation.BuildManager.GetBuildResultFromCacheInternal(String cacheKey, Boolean keyFromVPP, VirtualPath virtualPath, Int64 hashCode, Boolean ensureIsUpToDate)
   at System.Web.Compilation.BuildManager.GetVPathBuildResultFromCacheInternal(VirtualPath virtualPath, Boolean ensureIsUpToDate)
   at System.Web.Compilation.BuildManager.GetVPathBuildResultInternal(VirtualPath virtualPath, Boolean noBuild, Boolean allowCrossApp, Boolean allowBuildInPrecompile, Boolean throwIfNotFound, Boolean ensureIsUpToDate)
   at System.Web.Compilation.BuildManager.GetVPathBuildResultWithNoAssert(HttpContext context, VirtualPath virtualPath, Boolean noBuild, Boolean allowCrossApp, Boolean allowBuildInPrecompile, Boolean throwIfNotFound, Boolean ensureIsUpToDate)
   at System.Web.Compilation.BuildManager.GetVPathBuildResult(HttpContext context, VirtualPath virtualPath, Boolean noBuild, Boolean allowCrossApp, Boolean allowBuildInPrecompile, Boolean ensureIsUpToDate)
   at System.Web.Compilation.BuildManager.GetCompiledAssembly(String virtualPath)
   at Orchard.Environment.DefaultBuildManager.GetCompiledAssembly(String virtualPath) in c:\Users\PaulM\Desktop\Projects\zone.timemfg.com\src\Orchard\Environment\IBuildManager.cs:line 53
2014-07-25 14:34:57,891 [12] Orchard.Environment.DefaultBuildManager - (null) - Error when compiling assembly under ~/Modules/Time.OrderLog/Time.OrderLog.csproj.
System.Web.HttpCompileException (0x80004005): c:\Users\PaulM\Desktop\Projects\zone.timemfg.com\src\Orchard.Web\Modules\Time.OrderLog\Controllers\HomeController.cs(106): error CS0104: 'EntityState' is an ambiguous reference between 'System.Data.EntityState' and 'System.Data.Entity.EntityState'
   at System.Web.Compilation.BuildManager.PostProcessFoundBuildResult(BuildResult result, Boolean keyFromVPP, VirtualPath virtualPath)
   at System.Web.Compilation.BuildManager.GetBuildResultFromCacheInternal(String cacheKey, Boolean keyFromVPP, VirtualPath virtualPath, Int64 hashCode, Boolean ensureIsUpToDate)
   at System.Web.Compilation.BuildManager.GetVPathBuildResultFromCacheInternal(VirtualPath virtualPath, Boolean ensureIsUpToDate)
   at System.Web.Compilation.BuildManager.GetVPathBuildResultInternal(VirtualPath virtualPath, Boolean noBuild, Boolean allowCrossApp, Boolean allowBuildInPrecompile, Boolean throwIfNotFound, Boolean ensureIsUpToDate)
   at System.Web.Compilation.BuildManager.GetVPathBuildResultWithNoAssert(HttpContext context, VirtualPath virtualPath, Boolean noBuild, Boolean allowCrossApp, Boolean allowBuildInPrecompile, Boolean throwIfNotFound, Boolean ensureIsUpToDate)
   at System.Web.Compilation.BuildManager.GetVPathBuildResult(HttpContext context, VirtualPath virtualPath, Boolean noBuild, Boolean allowCrossApp, Boolean allowBuildInPrecompile, Boolean ensureIsUpToDate)
   at System.Web.Compilation.BuildManager.GetCompiledAssembly(String virtualPath)
   at Orchard.Environment.DefaultBuildManager.GetCompiledAssembly(String virtualPath) in c:\Users\PaulM\Desktop\Projects\zone.timemfg.com\src\Orchard\Environment\IBuildManager.cs:line 53
2014-07-25 14:34:57,895 [12] Orchard.Environment.DefaultBuildManager - (null) - Error when compiling assembly under ~/Modules/Time.OrderLog/Time.OrderLog.csproj.
System.Web.HttpCompileException (0x80004005): c:\Users\PaulM\Desktop\Projects\zone.timemfg.com\src\Orchard.Web\Modules\Time.OrderLog\Controllers\HomeController.cs(106): error CS0104: 'EntityState' is an ambiguous reference between 'System.Data.EntityState' and 'System.Data.Entity.EntityState'
   at System.Web.Compilation.BuildManager.PostProcessFoundBuildResult(BuildResult result, Boolean keyFromVPP, VirtualPath virtualPath)
   at System.Web.Compilation.BuildManager.GetBuildResultFromCacheInternal(String cacheKey, Boolean keyFromVPP, VirtualPath virtualPath, Int64 hashCode, Boolean ensureIsUpToDate)
   at System.Web.Compilation.BuildManager.GetVPathBuildResultFromCacheInternal(VirtualPath virtualPath, Boolean ensureIsUpToDate)
   at System.Web.Compilation.BuildManager.GetVPathBuildResultInternal(VirtualPath virtualPath, Boolean noBuild, Boolean allowCrossApp, Boolean allowBuildInPrecompile, Boolean throwIfNotFound, Boolean ensureIsUpToDate)
   at System.Web.Compilation.BuildManager.GetVPathBuildResultWithNoAssert(HttpContext context, VirtualPath virtualPath, Boolean noBuild, Boolean allowCrossApp, Boolean allowBuildInPrecompile, Boolean throwIfNotFound, Boolean ensureIsUpToDate)
   at System.Web.Compilation.BuildManager.GetVPathBuildResult(HttpContext context, VirtualPath virtualPath, Boolean noBuild, Boolean allowCrossApp, Boolean allowBuildInPrecompile, Boolean ensureIsUpToDate)
   at System.Web.Compilation.BuildManager.GetCompiledAssembly(String virtualPath)
   at Orchard.Environment.DefaultBuildManager.GetCompiledAssembly(String virtualPath) in c:\Users\PaulM\Desktop\Projects\zone.timemfg.com\src\Orchard\Environment\IBuildManager.cs:line 53
2014-07-25 14:34:57,899 [12] Orchard.Environment.DefaultBuildManager - (null) - Error when compiling assembly under ~/Modules/Time.OrderLog/Time.OrderLog.csproj.
System.Web.HttpCompileException (0x80004005): c:\Users\PaulM\Desktop\Projects\zone.timemfg.com\src\Orchard.Web\Modules\Time.OrderLog\Controllers\HomeController.cs(106): error CS0104: 'EntityState' is an ambiguous reference between 'System.Data.EntityState' and 'System.Data.Entity.EntityState'
   at System.Web.Compilation.BuildManager.PostProcessFoundBuildResult(BuildResult result, Boolean keyFromVPP, VirtualPath virtualPath)
   at System.Web.Compilation.BuildManager.GetBuildResultFromCacheInternal(String cacheKey, Boolean keyFromVPP, VirtualPath virtualPath, Int64 hashCode, Boolean ensureIsUpToDate)
   at System.Web.Compilation.BuildManager.GetVPathBuildResultFromCacheInternal(VirtualPath virtualPath, Boolean ensureIsUpToDate)
   at System.Web.Compilation.BuildManager.GetVPathBuildResultInternal(VirtualPath virtualPath, Boolean noBuild, Boolean allowCrossApp, Boolean allowBuildInPrecompile, Boolean throwIfNotFound, Boolean ensureIsUpToDate)
   at System.Web.Compilation.BuildManager.GetVPathBuildResultWithNoAssert(HttpContext context, VirtualPath virtualPath, Boolean noBuild, Boolean allowCrossApp, Boolean allowBuildInPrecompile, Boolean throwIfNotFound, Boolean ensureIsUpToDate)
   at System.Web.Compilation.BuildManager.GetVPathBuildResult(HttpContext context, VirtualPath virtualPath, Boolean noBuild, Boolean allowCrossApp, Boolean allowBuildInPrecompile, Boolean ensureIsUpToDate)
   at System.Web.Compilation.BuildManager.GetCompiledAssembly(String virtualPath)
   at Orchard.Environment.DefaultBuildManager.GetCompiledAssembly(String virtualPath) in c:\Users\PaulM\Desktop\Projects\zone.timemfg.com\src\Orchard\Environment\IBuildManager.cs:line 53
2014-07-25 14:34:57,903 [12] Orchard.Environment.DefaultBuildManager - (null) - Error when compiling assembly under ~/Modules/Time.OrderLog/Time.OrderLog.csproj.
System.Web.HttpCompileException (0x80004005): c:\Users\PaulM\Desktop\Projects\zone.timemfg.com\src\Orchard.Web\Modules\Time.OrderLog\Controllers\HomeController.cs(106): error CS0104: 'EntityState' is an ambiguous reference between 'System.Data.EntityState' and 'System.Data.Entity.EntityState'
   at System.Web.Compilation.BuildManager.PostProcessFoundBuildResult(BuildResult result, Boolean keyFromVPP, VirtualPath virtualPath)
   at System.Web.Compilation.BuildManager.GetBuildResultFromCacheInternal(String cacheKey, Boolean keyFromVPP, VirtualPath virtualPath, Int64 hashCode, Boolean ensureIsUpToDate)
   at System.Web.Compilation.BuildManager.GetVPathBuildResultFromCacheInternal(VirtualPath virtualPath, Boolean ensureIsUpToDate)
   at System.Web.Compilation.BuildManager.GetVPathBuildResultInternal(VirtualPath virtualPath, Boolean noBuild, Boolean allowCrossApp, Boolean allowBuildInPrecompile, Boolean throwIfNotFound, Boolean ensureIsUpToDate)
   at System.Web.Compilation.BuildManager.GetVPathBuildResultWithNoAssert(HttpContext context, VirtualPath virtualPath, Boolean noBuild, Boolean allowCrossApp, Boolean allowBuildInPrecompile, Boolean throwIfNotFound, Boolean ensureIsUpToDate)
   at System.Web.Compilation.BuildManager.GetVPathBuildResult(HttpContext context, VirtualPath virtualPath, Boolean noBuild, Boolean allowCrossApp, Boolean allowBuildInPrecompile, Boolean ensureIsUpToDate)
   at System.Web.Compilation.BuildManager.GetCompiledAssembly(String virtualPath)
   at Orchard.Environment.DefaultBuildManager.GetCompiledAssembly(String virtualPath) in c:\Users\PaulM\Desktop\Projects\zone.timemfg.com\src\Orchard\Environment\IBuildManager.cs:line 53
2014-07-25 14:34:57,907 [12] Orchard.Environment.DefaultBuildManager - (null) - Error when compiling assembly under ~/Modules/Time.OrderLog/Time.OrderLog.csproj.
System.Web.HttpCompileException (0x80004005): c:\Users\PaulM\Desktop\Projects\zone.timemfg.com\src\Orchard.Web\Modules\Time.OrderLog\Controllers\HomeController.cs(106): error CS0104: 'EntityState' is an ambiguous reference between 'System.Data.EntityState' and 'System.Data.Entity.EntityState'
   at System.Web.Compilation.BuildManager.PostProcessFoundBuildResult(BuildResult result, Boolean keyFromVPP, VirtualPath virtualPath)
   at System.Web.Compilation.BuildManager.GetBuildResultFromCacheInternal(String cacheKey, Boolean keyFromVPP, VirtualPath virtualPath, Int64 hashCode, Boolean ensureIsUpToDate)
   at System.Web.Compilation.BuildManager.GetVPathBuildResultFromCacheInternal(VirtualPath virtualPath, Boolean ensureIsUpToDate)
   at System.Web.Compilation.BuildManager.GetVPathBuildResultInternal(VirtualPath virtualPath, Boolean noBuild, Boolean allowCrossApp, Boolean allowBuildInPrecompile, Boolean throwIfNotFound, Boolean ensureIsUpToDate)
   at System.Web.Compilation.BuildManager.GetVPathBuildResultWithNoAssert(HttpContext context, VirtualPath virtualPath, Boolean noBuild, Boolean allowCrossApp, Boolean allowBuildInPrecompile, Boolean throwIfNotFound, Boolean ensureIsUpToDate)
   at System.Web.Compilation.BuildManager.GetVPathBuildResult(HttpContext context, VirtualPath virtualPath, Boolean noBuild, Boolean allowCrossApp, Boolean allowBuildInPrecompile, Boolean ensureIsUpToDate)
   at System.Web.Compilation.BuildManager.GetCompiledAssembly(String virtualPath)
   at Orchard.Environment.DefaultBuildManager.GetCompiledAssembly(String virtualPath) in c:\Users\PaulM\Desktop\Projects\zone.timemfg.com\src\Orchard\Environment\IBuildManager.cs:line 53
2014-07-25 14:34:57,913 [12] Orchard.Environment.DefaultBuildManager - (null) - Error when compiling assembly under ~/Modules/Time.OrderLog/Time.OrderLog.csproj.
System.Web.HttpCompileException (0x80004005): c:\Users\PaulM\Desktop\Projects\zone.timemfg.com\src\Orchard.Web\Modules\Time.OrderLog\Controllers\HomeController.cs(106): error CS0104: 'EntityState' is an ambiguous reference between 'System.Data.EntityState' and 'System.Data.Entity.EntityState'
   at System.Web.Compilation.BuildManager.PostProcessFoundBuildResult(BuildResult result, Boolean keyFromVPP, VirtualPath virtualPath)
   at System.Web.Compilation.BuildManager.GetBuildResultFromCacheInternal(String cacheKey, Boolean keyFromVPP, VirtualPath virtualPath, Int64 hashCode, Boolean ensureIsUpToDate)
   at System.Web.Compilation.BuildManager.GetVPathBuildResultFromCacheInternal(VirtualPath virtualPath, Boolean ensureIsUpToDate)
   at System.Web.Compilation.BuildManager.GetVPathBuildResultInternal(VirtualPath virtualPath, Boolean noBuild, Boolean allowCrossApp, Boolean allowBuildInPrecompile, Boolean throwIfNotFound, Boolean ensureIsUpToDate)
   at System.Web.Compilation.BuildManager.GetVPathBuildResultWithNoAssert(HttpContext context, VirtualPath virtualPath, Boolean noBuild, Boolean allowCrossApp, Boolean allowBuildInPrecompile, Boolean throwIfNotFound, Boolean ensureIsUpToDate)
   at System.Web.Compilation.BuildManager.GetVPathBuildResult(HttpContext context, VirtualPath virtualPath, Boolean noBuild, Boolean allowCrossApp, Boolean allowBuildInPrecompile, Boolean ensureIsUpToDate)
   at System.Web.Compilation.BuildManager.GetCompiledAssembly(String virtualPath)
   at Orchard.Environment.DefaultBuildManager.GetCompiledAssembly(String virtualPath) in c:\Users\PaulM\Desktop\Projects\zone.timemfg.com\src\Orchard\Environment\IBuildManager.cs:line 53
2014-07-25 14:34:57,919 [12] Orchard.Environment.DefaultBuildManager - (null) - Error when compiling assembly under ~/Modules/Time.OrderLog/Time.OrderLog.csproj.
System.Web.HttpCompileException (0x80004005): c:\Users\PaulM\Desktop\Projects\zone.timemfg.com\src\Orchard.Web\Modules\Time.OrderLog\Controllers\HomeController.cs(106): error CS0104: 'EntityState' is an ambiguous reference between 'System.Data.EntityState' and 'System.Data.Entity.EntityState'
   at System.Web.Compilation.BuildManager.PostProcessFoundBuildResult(BuildResult result, Boolean keyFromVPP, VirtualPath virtualPath)
   at System.Web.Compilation.BuildManager.GetBuildResultFromCacheInternal(String cacheKey, Boolean keyFromVPP, VirtualPath virtualPath, Int64 hashCode, Boolean ensureIsUpToDate)
   at System.Web.Compilation.BuildManager.GetVPathBuildResultFromCacheInternal(VirtualPath virtualPath, Boolean ensureIsUpToDate)
   at System.Web.Compilation.BuildManager.GetVPathBuildResultInternal(VirtualPath virtualPath, Boolean noBuild, Boolean allowCrossApp, Boolean allowBuildInPrecompile, Boolean throwIfNotFound, Boolean ensureIsUpToDate)
   at System.Web.Compilation.BuildManager.GetVPathBuildResultWithNoAssert(HttpContext context, VirtualPath virtualPath, Boolean noBuild, Boolean allowCrossApp, Boolean allowBuildInPrecompile, Boolean throwIfNotFound, Boolean ensureIsUpToDate)
   at System.Web.Compilation.BuildManager.GetVPathBuildResult(HttpContext context, VirtualPath virtualPath, Boolean noBuild, Boolean allowCrossApp, Boolean allowBuildInPrecompile, Boolean ensureIsUpToDate)
   at System.Web.Compilation.BuildManager.GetCompiledAssembly(String virtualPath)
   at Orchard.Environment.DefaultBuildManager.GetCompiledAssembly(String virtualPath) in c:\Users\PaulM\Desktop\Projects\zone.timemfg.com\src\Orchard\Environment\IBuildManager.cs:line 53
2014-07-25 14:34:57,924 [12] Orchard.Environment.DefaultBuildManager - (null) - Error when compiling assembly under ~/Modules/Time.OrderLog/Time.OrderLog.csproj.
System.Web.HttpCompileException (0x80004005): c:\Users\PaulM\Desktop\Projects\zone.timemfg.com\src\Orchard.Web\Modules\Time.OrderLog\Controllers\HomeController.cs(106): error CS0104: 'EntityState' is an ambiguous reference between 'System.Data.EntityState' and 'System.Data.Entity.EntityState'
   at System.Web.Compilation.BuildManager.PostProcessFoundBuildResult(BuildResult result, Boolean keyFromVPP, VirtualPath virtualPath)
   at System.Web.Compilation.BuildManager.GetBuildResultFromCacheInternal(String cacheKey, Boolean keyFromVPP, VirtualPath virtualPath, Int64 hashCode, Boolean ensureIsUpToDate)
   at System.Web.Compilation.BuildManager.GetVPathBuildResultFromCacheInternal(VirtualPath virtualPath, Boolean ensureIsUpToDate)
   at System.Web.Compilation.BuildManager.GetVPathBuildResultInternal(VirtualPath virtualPath, Boolean noBuild, Boolean allowCrossApp, Boolean allowBuildInPrecompile, Boolean throwIfNotFound, Boolean ensureIsUpToDate)
   at System.Web.Compilation.BuildManager.GetVPathBuildResultWithNoAssert(HttpContext context, VirtualPath virtualPath, Boolean noBuild, Boolean allowCrossApp, Boolean allowBuildInPrecompile, Boolean throwIfNotFound, Boolean ensureIsUpToDate)
   at System.Web.Compilation.BuildManager.GetVPathBuildResult(HttpContext context, VirtualPath virtualPath, Boolean noBuild, Boolean allowCrossApp, Boolean allowBuildInPrecompile, Boolean ensureIsUpToDate)
   at System.Web.Compilation.BuildManager.GetCompiledAssembly(String virtualPath)
   at Orchard.Environment.DefaultBuildManager.GetCompiledAssembly(String virtualPath) in c:\Users\PaulM\Desktop\Projects\zone.timemfg.com\src\Orchard\Environment\IBuildManager.cs:line 53
2014-07-25 14:35:07,975 [10] Orchard.Environment.DefaultBuildManager - (null) - Error when compiling assembly under ~/Modules/Time.OrderLog/Time.OrderLog.csproj.
System.Web.HttpCompileException (0x80004005): c:\Users\PaulM\Desktop\Projects\zone.timemfg.com\src\Orchard.Web\Modules\Time.OrderLog\Controllers\HomeController.cs(106): error CS0104: 'EntityState' is an ambiguous reference between 'System.Data.EntityState' and 'System.Data.Entity.EntityState'
   at System.Web.Compilation.AssemblyBuilder.Compile()
   at System.Web.Compilation.BuildProvidersCompiler.PerformBuild()
   at System.Web.Compilation.BuildManager.CompileWebFile(VirtualPath virtualPath)
   at System.Web.Compilation.BuildManager.GetVPathBuildResultInternal(VirtualPath virtualPath, Boolean noBuild, Boolean allowCrossApp, Boolean allowBuildInPrecompile, Boolean throwIfNotFound, Boolean ensureIsUpToDate)
   at System.Web.Compilation.BuildManager.GetVPathBuildResultWithNoAssert(HttpContext context, VirtualPath virtualPath, Boolean noBuild, Boolean allowCrossApp, Boolean allowBuildInPrecompile, Boolean throwIfNotFound, Boolean ensureIsUpToDate)
   at System.Web.Compilation.BuildManager.GetVPathBuildResult(HttpContext context, VirtualPath virtualPath, Boolean noBuild, Boolean allowCrossApp, Boolean allowBuildInPrecompile, Boolean ensureIsUpToDate)
   at System.Web.Compilation.BuildManager.GetCompiledAssembly(String virtualPath)
   at Orchard.Environment.DefaultBuildManager.GetCompiledAssembly(String virtualPath) in c:\Users\PaulM\Desktop\Projects\zone.timemfg.com\src\Orchard\Environment\IBuildManager.cs:line 53
2014-07-25 14:35:07,984 [10] Orchard.Environment.DefaultBuildManager - (null) - Error when compiling assembly under ~/Modules/Time.OrderLog/Time.OrderLog.csproj.
System.Web.HttpCompileException (0x80004005): c:\Users\PaulM\Desktop\Projects\zone.timemfg.com\src\Orchard.Web\Modules\Time.OrderLog\Controllers\HomeController.cs(106): error CS0104: 'EntityState' is an ambiguous reference between 'System.Data.EntityState' and 'System.Data.Entity.EntityState'
   at System.Web.Compilation.BuildManager.PostProcessFoundBuildResult(BuildResult result, Boolean keyFromVPP, VirtualPath virtualPath)
   at System.Web.Compilation.BuildManager.GetBuildResultFromCacheInternal(String cacheKey, Boolean keyFromVPP, VirtualPath virtualPath, Int64 hashCode, Boolean ensureIsUpToDate)
   at System.Web.Compilation.BuildManager.GetVPathBuildResultFromCacheInternal(VirtualPath virtualPath, Boolean ensureIsUpToDate)
   at System.Web.Compilation.BuildManager.GetVPathBuildResultInternal(VirtualPath virtualPath, Boolean noBuild, Boolean allowCrossApp, Boolean allowBuildInPrecompile, Boolean throwIfNotFound, Boolean ensureIsUpToDate)
   at System.Web.Compilation.BuildManager.GetVPathBuildResultWithNoAssert(HttpContext context, VirtualPath virtualPath, Boolean noBuild, Boolean allowCrossApp, Boolean allowBuildInPrecompile, Boolean throwIfNotFound, Boolean ensureIsUpToDate)
   at System.Web.Compilation.BuildManager.GetVPathBuildResult(HttpContext context, VirtualPath virtualPath, Boolean noBuild, Boolean allowCrossApp, Boolean allowBuildInPrecompile, Boolean ensureIsUpToDate)
   at System.Web.Compilation.BuildManager.GetCompiledAssembly(String virtualPath)
   at Orchard.Environment.DefaultBuildManager.GetCompiledAssembly(String virtualPath) in c:\Users\PaulM\Desktop\Projects\zone.timemfg.com\src\Orchard\Environment\IBuildManager.cs:line 53
2014-07-25 14:35:07,989 [10] Orchard.Environment.DefaultBuildManager - (null) - Error when compiling assembly under ~/Modules/Time.OrderLog/Time.OrderLog.csproj.
System.Web.HttpCompileException (0x80004005): c:\Users\PaulM\Desktop\Projects\zone.timemfg.com\src\Orchard.Web\Modules\Time.OrderLog\Controllers\HomeController.cs(106): error CS0104: 'EntityState' is an ambiguous reference between 'System.Data.EntityState' and 'System.Data.Entity.EntityState'
   at System.Web.Compilation.BuildManager.PostProcessFoundBuildResult(BuildResult result, Boolean keyFromVPP, VirtualPath virtualPath)
   at System.Web.Compilation.BuildManager.GetBuildResultFromCacheInternal(String cacheKey, Boolean keyFromVPP, VirtualPath virtualPath, Int64 hashCode, Boolean ensureIsUpToDate)
   at System.Web.Compilation.BuildManager.GetVPathBuildResultFromCacheInternal(VirtualPath virtualPath, Boolean ensureIsUpToDate)
   at System.Web.Compilation.BuildManager.GetVPathBuildResultInternal(VirtualPath virtualPath, Boolean noBuild, Boolean allowCrossApp, Boolean allowBuildInPrecompile, Boolean throwIfNotFound, Boolean ensureIsUpToDate)
   at System.Web.Compilation.BuildManager.GetVPathBuildResultWithNoAssert(HttpContext context, VirtualPath virtualPath, Boolean noBuild, Boolean allowCrossApp, Boolean allowBuildInPrecompile, Boolean throwIfNotFound, Boolean ensureIsUpToDate)
   at System.Web.Compilation.BuildManager.GetVPathBuildResult(HttpContext context, VirtualPath virtualPath, Boolean noBuild, Boolean allowCrossApp, Boolean allowBuildInPrecompile, Boolean ensureIsUpToDate)
   at System.Web.Compilation.BuildManager.GetCompiledAssembly(String virtualPath)
   at Orchard.Environment.DefaultBuildManager.GetCompiledAssembly(String virtualPath) in c:\Users\PaulM\Desktop\Projects\zone.timemfg.com\src\Orchard\Environment\IBuildManager.cs:line 53
2014-07-25 14:35:07,998 [10] Orchard.Environment.DefaultBuildManager - (null) - Error when compiling assembly under ~/Modules/Time.OrderLog/Time.OrderLog.csproj.
System.Web.HttpCompileException (0x80004005): c:\Users\PaulM\Desktop\Projects\zone.timemfg.com\src\Orchard.Web\Modules\Time.OrderLog\Controllers\HomeController.cs(106): error CS0104: 'EntityState' is an ambiguous reference between 'System.Data.EntityState' and 'System.Data.Entity.EntityState'
   at System.Web.Compilation.BuildManager.PostProcessFoundBuildResult(BuildResult result, Boolean keyFromVPP, VirtualPath virtualPath)
   at System.Web.Compilation.BuildManager.GetBuildResultFromCacheInternal(String cacheKey, Boolean keyFromVPP, VirtualPath virtualPath, Int64 hashCode, Boolean ensureIsUpToDate)
   at System.Web.Compilation.BuildManager.GetVPathBuildResultFromCacheInternal(VirtualPath virtualPath, Boolean ensureIsUpToDate)
   at System.Web.Compilation.BuildManager.GetVPathBuildResultInternal(VirtualPath virtualPath, Boolean noBuild, Boolean allowCrossApp, Boolean allowBuildInPrecompile, Boolean throwIfNotFound, Boolean ensureIsUpToDate)
   at System.Web.Compilation.BuildManager.GetVPathBuildResultWithNoAssert(HttpContext context, VirtualPath virtualPath, Boolean noBuild, Boolean allowCrossApp, Boolean allowBuildInPrecompile, Boolean throwIfNotFound, Boolean ensureIsUpToDate)
   at System.Web.Compilation.BuildManager.GetVPathBuildResult(HttpContext context, VirtualPath virtualPath, Boolean noBuild, Boolean allowCrossApp, Boolean allowBuildInPrecompile, Boolean ensureIsUpToDate)
   at System.Web.Compilation.BuildManager.GetCompiledAssembly(String virtualPath)
   at Orchard.Environment.DefaultBuildManager.GetCompiledAssembly(String virtualPath) in c:\Users\PaulM\Desktop\Projects\zone.timemfg.com\src\Orchard\Environment\IBuildManager.cs:line 53
2014-07-25 14:35:08,004 [10] Orchard.Environment.DefaultBuildManager - (null) - Error when compiling assembly under ~/Modules/Time.OrderLog/Time.OrderLog.csproj.
System.Web.HttpCompileException (0x80004005): c:\Users\PaulM\Desktop\Projects\zone.timemfg.com\src\Orchard.Web\Modules\Time.OrderLog\Controllers\HomeController.cs(106): error CS0104: 'EntityState' is an ambiguous reference between 'System.Data.EntityState' and 'System.Data.Entity.EntityState'
   at System.Web.Compilation.BuildManager.PostProcessFoundBuildResult(BuildResult result, Boolean keyFromVPP, VirtualPath virtualPath)
   at System.Web.Compilation.BuildManager.GetBuildResultFromCacheInternal(String cacheKey, Boolean keyFromVPP, VirtualPath virtualPath, Int64 hashCode, Boolean ensureIsUpToDate)
   at System.Web.Compilation.BuildManager.GetVPathBuildResultFromCacheInternal(VirtualPath virtualPath, Boolean ensureIsUpToDate)
   at System.Web.Compilation.BuildManager.GetVPathBuildResultInternal(VirtualPath virtualPath, Boolean noBuild, Boolean allowCrossApp, Boolean allowBuildInPrecompile, Boolean throwIfNotFound, Boolean ensureIsUpToDate)
   at System.Web.Compilation.BuildManager.GetVPathBuildResultWithNoAssert(HttpContext context, VirtualPath virtualPath, Boolean noBuild, Boolean allowCrossApp, Boolean allowBuildInPrecompile, Boolean throwIfNotFound, Boolean ensureIsUpToDate)
   at System.Web.Compilation.BuildManager.GetVPathBuildResult(HttpContext context, VirtualPath virtualPath, Boolean noBuild, Boolean allowCrossApp, Boolean allowBuildInPrecompile, Boolean ensureIsUpToDate)
   at System.Web.Compilation.BuildManager.GetCompiledAssembly(String virtualPath)
   at Orchard.Environment.DefaultBuildManager.GetCompiledAssembly(String virtualPath) in c:\Users\PaulM\Desktop\Projects\zone.timemfg.com\src\Orchard\Environment\IBuildManager.cs:line 53
2014-07-25 14:35:08,009 [10] Orchard.Environment.DefaultBuildManager - (null) - Error when compiling assembly under ~/Modules/Time.OrderLog/Time.OrderLog.csproj.
System.Web.HttpCompileException (0x80004005): c:\Users\PaulM\Desktop\Projects\zone.timemfg.com\src\Orchard.Web\Modules\Time.OrderLog\Controllers\HomeController.cs(106): error CS0104: 'EntityState' is an ambiguous reference between 'System.Data.EntityState' and 'System.Data.Entity.EntityState'
   at System.Web.Compilation.BuildManager.PostProcessFoundBuildResult(BuildResult result, Boolean keyFromVPP, VirtualPath virtualPath)
   at System.Web.Compilation.BuildManager.GetBuildResultFromCacheInternal(String cacheKey, Boolean keyFromVPP, VirtualPath virtualPath, Int64 hashCode, Boolean ensureIsUpToDate)
   at System.Web.Compilation.BuildManager.GetVPathBuildResultFromCacheInternal(VirtualPath virtualPath, Boolean ensureIsUpToDate)
   at System.Web.Compilation.BuildManager.GetVPathBuildResultInternal(VirtualPath virtualPath, Boolean noBuild, Boolean allowCrossApp, Boolean allowBuildInPrecompile, Boolean throwIfNotFound, Boolean ensureIsUpToDate)
   at System.Web.Compilation.BuildManager.GetVPathBuildResultWithNoAssert(HttpContext context, VirtualPath virtualPath, Boolean noBuild, Boolean allowCrossApp, Boolean allowBuildInPrecompile, Boolean throwIfNotFound, Boolean ensureIsUpToDate)
   at System.Web.Compilation.BuildManager.GetVPathBuildResult(HttpContext context, VirtualPath virtualPath, Boolean noBuild, Boolean allowCrossApp, Boolean allowBuildInPrecompile, Boolean ensureIsUpToDate)
   at System.Web.Compilation.BuildManager.GetCompiledAssembly(String virtualPath)
   at Orchard.Environment.DefaultBuildManager.GetCompiledAssembly(String virtualPath) in c:\Users\PaulM\Desktop\Projects\zone.timemfg.com\src\Orchard\Environment\IBuildManager.cs:line 53
2014-07-25 14:35:08,014 [10] Orchard.Environment.DefaultBuildManager - (null) - Error when compiling assembly under ~/Modules/Time.OrderLog/Time.OrderLog.csproj.
System.Web.HttpCompileException (0x80004005): c:\Users\PaulM\Desktop\Projects\zone.timemfg.com\src\Orchard.Web\Modules\Time.OrderLog\Controllers\HomeController.cs(106): error CS0104: 'EntityState' is an ambiguous reference between 'System.Data.EntityState' and 'System.Data.Entity.EntityState'
   at System.Web.Compilation.BuildManager.PostProcessFoundBuildResult(BuildResult result, Boolean keyFromVPP, VirtualPath virtualPath)
   at System.Web.Compilation.BuildManager.GetBuildResultFromCacheInternal(String cacheKey, Boolean keyFromVPP, VirtualPath virtualPath, Int64 hashCode, Boolean ensureIsUpToDate)
   at System.Web.Compilation.BuildManager.GetVPathBuildResultFromCacheInternal(VirtualPath virtualPath, Boolean ensureIsUpToDate)
   at System.Web.Compilation.BuildManager.GetVPathBuildResultInternal(VirtualPath virtualPath, Boolean noBuild, Boolean allowCrossApp, Boolean allowBuildInPrecompile, Boolean throwIfNotFound, Boolean ensureIsUpToDate)
   at System.Web.Compilation.BuildManager.GetVPathBuildResultWithNoAssert(HttpContext context, VirtualPath virtualPath, Boolean noBuild, Boolean allowCrossApp, Boolean allowBuildInPrecompile, Boolean throwIfNotFound, Boolean ensureIsUpToDate)
   at System.Web.Compilation.BuildManager.GetVPathBuildResult(HttpContext context, VirtualPath virtualPath, Boolean noBuild, Boolean allowCrossApp, Boolean allowBuildInPrecompile, Boolean ensureIsUpToDate)
   at System.Web.Compilation.BuildManager.GetCompiledAssembly(String virtualPath)
   at Orchard.Environment.DefaultBuildManager.GetCompiledAssembly(String virtualPath) in c:\Users\PaulM\Desktop\Projects\zone.timemfg.com\src\Orchard\Environment\IBuildManager.cs:line 53
2014-07-25 14:35:08,019 [10] Orchard.Environment.DefaultBuildManager - (null) - Error when compiling assembly under ~/Modules/Time.OrderLog/Time.OrderLog.csproj.
System.Web.HttpCompileException (0x80004005): c:\Users\PaulM\Desktop\Projects\zone.timemfg.com\src\Orchard.Web\Modules\Time.OrderLog\Controllers\HomeController.cs(106): error CS0104: 'EntityState' is an ambiguous reference between 'System.Data.EntityState' and 'System.Data.Entity.EntityState'
   at System.Web.Compilation.BuildManager.PostProcessFoundBuildResult(BuildResult result, Boolean keyFromVPP, VirtualPath virtualPath)
   at System.Web.Compilation.BuildManager.GetBuildResultFromCacheInternal(String cacheKey, Boolean keyFromVPP, VirtualPath virtualPath, Int64 hashCode, Boolean ensureIsUpToDate)
   at System.Web.Compilation.BuildManager.GetVPathBuildResultFromCacheInternal(VirtualPath virtualPath, Boolean ensureIsUpToDate)
   at System.Web.Compilation.BuildManager.GetVPathBuildResultInternal(VirtualPath virtualPath, Boolean noBuild, Boolean allowCrossApp, Boolean allowBuildInPrecompile, Boolean throwIfNotFound, Boolean ensureIsUpToDate)
   at System.Web.Compilation.BuildManager.GetVPathBuildResultWithNoAssert(HttpContext context, VirtualPath virtualPath, Boolean noBuild, Boolean allowCrossApp, Boolean allowBuildInPrecompile, Boolean throwIfNotFound, Boolean ensureIsUpToDate)
   at System.Web.Compilation.BuildManager.GetVPathBuildResult(HttpContext context, VirtualPath virtualPath, Boolean noBuild, Boolean allowCrossApp, Boolean allowBuildInPrecompile, Boolean ensureIsUpToDate)
   at System.Web.Compilation.BuildManager.GetCompiledAssembly(String virtualPath)
   at Orchard.Environment.DefaultBuildManager.GetCompiledAssembly(String virtualPath) in c:\Users\PaulM\Desktop\Projects\zone.timemfg.com\src\Orchard\Environment\IBuildManager.cs:line 53
2014-07-25 14:35:08,023 [10] Orchard.Environment.DefaultBuildManager - (null) - Error when compiling assembly under ~/Modules/Time.OrderLog/Time.OrderLog.csproj.
System.Web.HttpCompileException (0x80004005): c:\Users\PaulM\Desktop\Projects\zone.timemfg.com\src\Orchard.Web\Modules\Time.OrderLog\Controllers\HomeController.cs(106): error CS0104: 'EntityState' is an ambiguous reference between 'System.Data.EntityState' and 'System.Data.Entity.EntityState'
   at System.Web.Compilation.BuildManager.PostProcessFoundBuildResult(BuildResult result, Boolean keyFromVPP, VirtualPath virtualPath)
   at System.Web.Compilation.BuildManager.GetBuildResultFromCacheInternal(String cacheKey, Boolean keyFromVPP, VirtualPath virtualPath, Int64 hashCode, Boolean ensureIsUpToDate)
   at System.Web.Compilation.BuildManager.GetVPathBuildResultFromCacheInternal(VirtualPath virtualPath, Boolean ensureIsUpToDate)
   at System.Web.Compilation.BuildManager.GetVPathBuildResultInternal(VirtualPath virtualPath, Boolean noBuild, Boolean allowCrossApp, Boolean allowBuildInPrecompile, Boolean throwIfNotFound, Boolean ensureIsUpToDate)
   at System.Web.Compilation.BuildManager.GetVPathBuildResultWithNoAssert(HttpContext context, VirtualPath virtualPath, Boolean noBuild, Boolean allowCrossApp, Boolean allowBuildInPrecompile, Boolean throwIfNotFound, Boolean ensureIsUpToDate)
   at System.Web.Compilation.BuildManager.GetVPathBuildResult(HttpContext context, VirtualPath virtualPath, Boolean noBuild, Boolean allowCrossApp, Boolean allowBuildInPrecompile, Boolean ensureIsUpToDate)
   at System.Web.Compilation.BuildManager.GetCompiledAssembly(String virtualPath)
   at Orchard.Environment.DefaultBuildManager.GetCompiledAssembly(String virtualPath) in c:\Users\PaulM\Desktop\Projects\zone.timemfg.com\src\Orchard\Environment\IBuildManager.cs:line 53
