2014-07-29 07:17:03,674 [7] Orchard.Environment.DefaultBuildManager - (null) - Error when compiling assembly under ~/Modules/Time.OrderLog/Time.OrderLog.csproj.
System.Web.HttpCompileException (0x80004005): c:\Users\PaulM\Desktop\Projects\zone.timemfg.com\src\Orchard.Web\Modules\Time.OrderLog\Controllers\HomeController.cs(106): error CS0104: 'EntityState' is an ambiguous reference between 'System.Data.EntityState' and 'System.Data.Entity.EntityState'
   at System.Web.Compilation.AssemblyBuilder.Compile()
   at System.Web.Compilation.BuildProvidersCompiler.PerformBuild()
   at System.Web.Compilation.BuildManager.CompileWebFile(VirtualPath virtualPath)
   at System.Web.Compilation.BuildManager.GetVPathBuildResultInternal(VirtualPath virtualPath, Boolean noBuild, Boolean allowCrossApp, Boolean allowBuildInPrecompile, Boolean throwIfNotFound, Boolean ensureIsUpToDate)
   at System.Web.Compilation.BuildManager.GetVPathBuildResultWithNoAssert(HttpContext context, VirtualPath virtualPath, Boolean noBuild, Boolean allowCrossApp, Boolean allowBuildInPrecompile, Boolean throwIfNotFound, Boolean ensureIsUpToDate)
   at System.Web.Compilation.BuildManager.GetVPathBuildResult(HttpContext context, VirtualPath virtualPath, Boolean noBuild, Boolean allowCrossApp, Boolean allowBuildInPrecompile, Boolean ensureIsUpToDate)
   at System.Web.Compilation.BuildManager.GetCompiledAssembly(String virtualPath)
   at Orchard.Environment.DefaultBuildManager.GetCompiledAssembly(String virtualPath) in c:\Users\PaulM\Desktop\Projects\zone.timemfg.com\src\Orchard\Environment\IBuildManager.cs:line 53
2014-07-29 07:17:03,743 [7] Orchard.Environment.Extensions.ExtensionManager - (null) - No suitable loader found for extension "Time.OrderLog"
2014-07-29 07:17:06,724 [12] Orchard.Environment.DefaultBuildManager - (null) - Error when compiling assembly under ~/Modules/Time.OrderLog/Time.OrderLog.csproj.
System.Web.HttpCompileException (0x80004005): c:\Users\PaulM\Desktop\Projects\zone.timemfg.com\src\Orchard.Web\Modules\Time.OrderLog\Controllers\HomeController.cs(106): error CS0104: 'EntityState' is an ambiguous reference between 'System.Data.EntityState' and 'System.Data.Entity.EntityState'
   at System.Web.Compilation.BuildManager.PostProcessFoundBuildResult(BuildResult result, Boolean keyFromVPP, VirtualPath virtualPath)
   at System.Web.Compilation.BuildManager.GetBuildResultFromCacheInternal(String cacheKey, Boolean keyFromVPP, VirtualPath virtualPath, Int64 hashCode, Boolean ensureIsUpToDate)
   at System.Web.Compilation.BuildManager.GetVPathBuildResultFromCacheInternal(VirtualPath virtualPath, Boolean ensureIsUpToDate)
   at System.Web.Compilation.BuildManager.GetVPathBuildResultInternal(VirtualPath virtualPath, Boolean noBuild, Boolean allowCrossApp, Boolean allowBuildInPrecompile, Boolean throwIfNotFound, Boolean ensureIsUpToDate)
   at System.Web.Compilation.BuildManager.GetVPathBuildResultWithNoAssert(HttpContext context, VirtualPath virtualPath, Boolean noBuild, Boolean allowCrossApp, Boolean allowBuildInPrecompile, Boolean throwIfNotFound, Boolean ensureIsUpToDate)
   at System.Web.Compilation.BuildManager.GetVPathBuildResult(HttpContext context, VirtualPath virtualPath, Boolean noBuild, Boolean allowCrossApp, Boolean allowBuildInPrecompile, Boolean ensureIsUpToDate)
   at System.Web.Compilation.BuildManager.GetCompiledAssembly(String virtualPath)
   at Orchard.Environment.DefaultBuildManager.GetCompiledAssembly(String virtualPath) in c:\Users\PaulM\Desktop\Projects\zone.timemfg.com\src\Orchard\Environment\IBuildManager.cs:line 53
2014-07-29 07:17:06,749 [12] Orchard.Environment.DefaultBuildManager - (null) - Error when compiling assembly under ~/Modules/Time.OrderLog/Time.OrderLog.csproj.
System.Web.HttpCompileException (0x80004005): c:\Users\PaulM\Desktop\Projects\zone.timemfg.com\src\Orchard.Web\Modules\Time.OrderLog\Controllers\HomeController.cs(106): error CS0104: 'EntityState' is an ambiguous reference between 'System.Data.EntityState' and 'System.Data.Entity.EntityState'
   at System.Web.Compilation.BuildManager.PostProcessFoundBuildResult(BuildResult result, Boolean keyFromVPP, VirtualPath virtualPath)
   at System.Web.Compilation.BuildManager.GetBuildResultFromCacheInternal(String cacheKey, Boolean keyFromVPP, VirtualPath virtualPath, Int64 hashCode, Boolean ensureIsUpToDate)
   at System.Web.Compilation.BuildManager.GetVPathBuildResultFromCacheInternal(VirtualPath virtualPath, Boolean ensureIsUpToDate)
   at System.Web.Compilation.BuildManager.GetVPathBuildResultInternal(VirtualPath virtualPath, Boolean noBuild, Boolean allowCrossApp, Boolean allowBuildInPrecompile, Boolean throwIfNotFound, Boolean ensureIsUpToDate)
   at System.Web.Compilation.BuildManager.GetVPathBuildResultWithNoAssert(HttpContext context, VirtualPath virtualPath, Boolean noBuild, Boolean allowCrossApp, Boolean allowBuildInPrecompile, Boolean throwIfNotFound, Boolean ensureIsUpToDate)
   at System.Web.Compilation.BuildManager.GetVPathBuildResult(HttpContext context, VirtualPath virtualPath, Boolean noBuild, Boolean allowCrossApp, Boolean allowBuildInPrecompile, Boolean ensureIsUpToDate)
   at System.Web.Compilation.BuildManager.GetCompiledAssembly(String virtualPath)
   at Orchard.Environment.DefaultBuildManager.GetCompiledAssembly(String virtualPath) in c:\Users\PaulM\Desktop\Projects\zone.timemfg.com\src\Orchard\Environment\IBuildManager.cs:line 53
2014-07-29 07:17:06,753 [12] Orchard.Environment.DefaultBuildManager - (null) - Error when compiling assembly under ~/Modules/Time.OrderLog/Time.OrderLog.csproj.
System.Web.HttpCompileException (0x80004005): c:\Users\PaulM\Desktop\Projects\zone.timemfg.com\src\Orchard.Web\Modules\Time.OrderLog\Controllers\HomeController.cs(106): error CS0104: 'EntityState' is an ambiguous reference between 'System.Data.EntityState' and 'System.Data.Entity.EntityState'
   at System.Web.Compilation.BuildManager.PostProcessFoundBuildResult(BuildResult result, Boolean keyFromVPP, VirtualPath virtualPath)
   at System.Web.Compilation.BuildManager.GetBuildResultFromCacheInternal(String cacheKey, Boolean keyFromVPP, VirtualPath virtualPath, Int64 hashCode, Boolean ensureIsUpToDate)
   at System.Web.Compilation.BuildManager.GetVPathBuildResultFromCacheInternal(VirtualPath virtualPath, Boolean ensureIsUpToDate)
   at System.Web.Compilation.BuildManager.GetVPathBuildResultInternal(VirtualPath virtualPath, Boolean noBuild, Boolean allowCrossApp, Boolean allowBuildInPrecompile, Boolean throwIfNotFound, Boolean ensureIsUpToDate)
   at System.Web.Compilation.BuildManager.GetVPathBuildResultWithNoAssert(HttpContext context, VirtualPath virtualPath, Boolean noBuild, Boolean allowCrossApp, Boolean allowBuildInPrecompile, Boolean throwIfNotFound, Boolean ensureIsUpToDate)
   at System.Web.Compilation.BuildManager.GetVPathBuildResult(HttpContext context, VirtualPath virtualPath, Boolean noBuild, Boolean allowCrossApp, Boolean allowBuildInPrecompile, Boolean ensureIsUpToDate)
   at System.Web.Compilation.BuildManager.GetCompiledAssembly(String virtualPath)
   at Orchard.Environment.DefaultBuildManager.GetCompiledAssembly(String virtualPath) in c:\Users\PaulM\Desktop\Projects\zone.timemfg.com\src\Orchard\Environment\IBuildManager.cs:line 53
2014-07-29 07:17:06,757 [12] Orchard.Environment.DefaultBuildManager - (null) - Error when compiling assembly under ~/Modules/Time.OrderLog/Time.OrderLog.csproj.
System.Web.HttpCompileException (0x80004005): c:\Users\PaulM\Desktop\Projects\zone.timemfg.com\src\Orchard.Web\Modules\Time.OrderLog\Controllers\HomeController.cs(106): error CS0104: 'EntityState' is an ambiguous reference between 'System.Data.EntityState' and 'System.Data.Entity.EntityState'
   at System.Web.Compilation.BuildManager.PostProcessFoundBuildResult(BuildResult result, Boolean keyFromVPP, VirtualPath virtualPath)
   at System.Web.Compilation.BuildManager.GetBuildResultFromCacheInternal(String cacheKey, Boolean keyFromVPP, VirtualPath virtualPath, Int64 hashCode, Boolean ensureIsUpToDate)
   at System.Web.Compilation.BuildManager.GetVPathBuildResultFromCacheInternal(VirtualPath virtualPath, Boolean ensureIsUpToDate)
   at System.Web.Compilation.BuildManager.GetVPathBuildResultInternal(VirtualPath virtualPath, Boolean noBuild, Boolean allowCrossApp, Boolean allowBuildInPrecompile, Boolean throwIfNotFound, Boolean ensureIsUpToDate)
   at System.Web.Compilation.BuildManager.GetVPathBuildResultWithNoAssert(HttpContext context, VirtualPath virtualPath, Boolean noBuild, Boolean allowCrossApp, Boolean allowBuildInPrecompile, Boolean throwIfNotFound, Boolean ensureIsUpToDate)
   at System.Web.Compilation.BuildManager.GetVPathBuildResult(HttpContext context, VirtualPath virtualPath, Boolean noBuild, Boolean allowCrossApp, Boolean allowBuildInPrecompile, Boolean ensureIsUpToDate)
   at System.Web.Compilation.BuildManager.GetCompiledAssembly(String virtualPath)
   at Orchard.Environment.DefaultBuildManager.GetCompiledAssembly(String virtualPath) in c:\Users\PaulM\Desktop\Projects\zone.timemfg.com\src\Orchard\Environment\IBuildManager.cs:line 53
2014-07-29 07:17:06,765 [12] Orchard.Environment.DefaultBuildManager - (null) - Error when compiling assembly under ~/Modules/Time.OrderLog/Time.OrderLog.csproj.
System.Web.HttpCompileException (0x80004005): c:\Users\PaulM\Desktop\Projects\zone.timemfg.com\src\Orchard.Web\Modules\Time.OrderLog\Controllers\HomeController.cs(106): error CS0104: 'EntityState' is an ambiguous reference between 'System.Data.EntityState' and 'System.Data.Entity.EntityState'
   at System.Web.Compilation.BuildManager.PostProcessFoundBuildResult(BuildResult result, Boolean keyFromVPP, VirtualPath virtualPath)
   at System.Web.Compilation.BuildManager.GetBuildResultFromCacheInternal(String cacheKey, Boolean keyFromVPP, VirtualPath virtualPath, Int64 hashCode, Boolean ensureIsUpToDate)
   at System.Web.Compilation.BuildManager.GetVPathBuildResultFromCacheInternal(VirtualPath virtualPath, Boolean ensureIsUpToDate)
   at System.Web.Compilation.BuildManager.GetVPathBuildResultInternal(VirtualPath virtualPath, Boolean noBuild, Boolean allowCrossApp, Boolean allowBuildInPrecompile, Boolean throwIfNotFound, Boolean ensureIsUpToDate)
   at System.Web.Compilation.BuildManager.GetVPathBuildResultWithNoAssert(HttpContext context, VirtualPath virtualPath, Boolean noBuild, Boolean allowCrossApp, Boolean allowBuildInPrecompile, Boolean throwIfNotFound, Boolean ensureIsUpToDate)
   at System.Web.Compilation.BuildManager.GetVPathBuildResult(HttpContext context, VirtualPath virtualPath, Boolean noBuild, Boolean allowCrossApp, Boolean allowBuildInPrecompile, Boolean ensureIsUpToDate)
   at System.Web.Compilation.BuildManager.GetCompiledAssembly(String virtualPath)
   at Orchard.Environment.DefaultBuildManager.GetCompiledAssembly(String virtualPath) in c:\Users\PaulM\Desktop\Projects\zone.timemfg.com\src\Orchard\Environment\IBuildManager.cs:line 53
2014-07-29 07:17:06,770 [12] Orchard.Environment.DefaultBuildManager - (null) - Error when compiling assembly under ~/Modules/Time.OrderLog/Time.OrderLog.csproj.
System.Web.HttpCompileException (0x80004005): c:\Users\PaulM\Desktop\Projects\zone.timemfg.com\src\Orchard.Web\Modules\Time.OrderLog\Controllers\HomeController.cs(106): error CS0104: 'EntityState' is an ambiguous reference between 'System.Data.EntityState' and 'System.Data.Entity.EntityState'
   at System.Web.Compilation.BuildManager.PostProcessFoundBuildResult(BuildResult result, Boolean keyFromVPP, VirtualPath virtualPath)
   at System.Web.Compilation.BuildManager.GetBuildResultFromCacheInternal(String cacheKey, Boolean keyFromVPP, VirtualPath virtualPath, Int64 hashCode, Boolean ensureIsUpToDate)
   at System.Web.Compilation.BuildManager.GetVPathBuildResultFromCacheInternal(VirtualPath virtualPath, Boolean ensureIsUpToDate)
   at System.Web.Compilation.BuildManager.GetVPathBuildResultInternal(VirtualPath virtualPath, Boolean noBuild, Boolean allowCrossApp, Boolean allowBuildInPrecompile, Boolean throwIfNotFound, Boolean ensureIsUpToDate)
   at System.Web.Compilation.BuildManager.GetVPathBuildResultWithNoAssert(HttpContext context, VirtualPath virtualPath, Boolean noBuild, Boolean allowCrossApp, Boolean allowBuildInPrecompile, Boolean throwIfNotFound, Boolean ensureIsUpToDate)
   at System.Web.Compilation.BuildManager.GetVPathBuildResult(HttpContext context, VirtualPath virtualPath, Boolean noBuild, Boolean allowCrossApp, Boolean allowBuildInPrecompile, Boolean ensureIsUpToDate)
   at System.Web.Compilation.BuildManager.GetCompiledAssembly(String virtualPath)
   at Orchard.Environment.DefaultBuildManager.GetCompiledAssembly(String virtualPath) in c:\Users\PaulM\Desktop\Projects\zone.timemfg.com\src\Orchard\Environment\IBuildManager.cs:line 53
2014-07-29 07:17:06,774 [12] Orchard.Environment.DefaultBuildManager - (null) - Error when compiling assembly under ~/Modules/Time.OrderLog/Time.OrderLog.csproj.
System.Web.HttpCompileException (0x80004005): c:\Users\PaulM\Desktop\Projects\zone.timemfg.com\src\Orchard.Web\Modules\Time.OrderLog\Controllers\HomeController.cs(106): error CS0104: 'EntityState' is an ambiguous reference between 'System.Data.EntityState' and 'System.Data.Entity.EntityState'
   at System.Web.Compilation.BuildManager.PostProcessFoundBuildResult(BuildResult result, Boolean keyFromVPP, VirtualPath virtualPath)
   at System.Web.Compilation.BuildManager.GetBuildResultFromCacheInternal(String cacheKey, Boolean keyFromVPP, VirtualPath virtualPath, Int64 hashCode, Boolean ensureIsUpToDate)
   at System.Web.Compilation.BuildManager.GetVPathBuildResultFromCacheInternal(VirtualPath virtualPath, Boolean ensureIsUpToDate)
   at System.Web.Compilation.BuildManager.GetVPathBuildResultInternal(VirtualPath virtualPath, Boolean noBuild, Boolean allowCrossApp, Boolean allowBuildInPrecompile, Boolean throwIfNotFound, Boolean ensureIsUpToDate)
   at System.Web.Compilation.BuildManager.GetVPathBuildResultWithNoAssert(HttpContext context, VirtualPath virtualPath, Boolean noBuild, Boolean allowCrossApp, Boolean allowBuildInPrecompile, Boolean throwIfNotFound, Boolean ensureIsUpToDate)
   at System.Web.Compilation.BuildManager.GetVPathBuildResult(HttpContext context, VirtualPath virtualPath, Boolean noBuild, Boolean allowCrossApp, Boolean allowBuildInPrecompile, Boolean ensureIsUpToDate)
   at System.Web.Compilation.BuildManager.GetCompiledAssembly(String virtualPath)
   at Orchard.Environment.DefaultBuildManager.GetCompiledAssembly(String virtualPath) in c:\Users\PaulM\Desktop\Projects\zone.timemfg.com\src\Orchard\Environment\IBuildManager.cs:line 53
2014-07-29 07:17:06,778 [12] Orchard.Environment.DefaultBuildManager - (null) - Error when compiling assembly under ~/Modules/Time.OrderLog/Time.OrderLog.csproj.
System.Web.HttpCompileException (0x80004005): c:\Users\PaulM\Desktop\Projects\zone.timemfg.com\src\Orchard.Web\Modules\Time.OrderLog\Controllers\HomeController.cs(106): error CS0104: 'EntityState' is an ambiguous reference between 'System.Data.EntityState' and 'System.Data.Entity.EntityState'
   at System.Web.Compilation.BuildManager.PostProcessFoundBuildResult(BuildResult result, Boolean keyFromVPP, VirtualPath virtualPath)
   at System.Web.Compilation.BuildManager.GetBuildResultFromCacheInternal(String cacheKey, Boolean keyFromVPP, VirtualPath virtualPath, Int64 hashCode, Boolean ensureIsUpToDate)
   at System.Web.Compilation.BuildManager.GetVPathBuildResultFromCacheInternal(VirtualPath virtualPath, Boolean ensureIsUpToDate)
   at System.Web.Compilation.BuildManager.GetVPathBuildResultInternal(VirtualPath virtualPath, Boolean noBuild, Boolean allowCrossApp, Boolean allowBuildInPrecompile, Boolean throwIfNotFound, Boolean ensureIsUpToDate)
   at System.Web.Compilation.BuildManager.GetVPathBuildResultWithNoAssert(HttpContext context, VirtualPath virtualPath, Boolean noBuild, Boolean allowCrossApp, Boolean allowBuildInPrecompile, Boolean throwIfNotFound, Boolean ensureIsUpToDate)
   at System.Web.Compilation.BuildManager.GetVPathBuildResult(HttpContext context, VirtualPath virtualPath, Boolean noBuild, Boolean allowCrossApp, Boolean allowBuildInPrecompile, Boolean ensureIsUpToDate)
   at System.Web.Compilation.BuildManager.GetCompiledAssembly(String virtualPath)
   at Orchard.Environment.DefaultBuildManager.GetCompiledAssembly(String virtualPath) in c:\Users\PaulM\Desktop\Projects\zone.timemfg.com\src\Orchard\Environment\IBuildManager.cs:line 53
2014-07-29 07:17:06,785 [12] Orchard.Environment.DefaultBuildManager - (null) - Error when compiling assembly under ~/Modules/Time.OrderLog/Time.OrderLog.csproj.
System.Web.HttpCompileException (0x80004005): c:\Users\PaulM\Desktop\Projects\zone.timemfg.com\src\Orchard.Web\Modules\Time.OrderLog\Controllers\HomeController.cs(106): error CS0104: 'EntityState' is an ambiguous reference between 'System.Data.EntityState' and 'System.Data.Entity.EntityState'
   at System.Web.Compilation.BuildManager.PostProcessFoundBuildResult(BuildResult result, Boolean keyFromVPP, VirtualPath virtualPath)
   at System.Web.Compilation.BuildManager.GetBuildResultFromCacheInternal(String cacheKey, Boolean keyFromVPP, VirtualPath virtualPath, Int64 hashCode, Boolean ensureIsUpToDate)
   at System.Web.Compilation.BuildManager.GetVPathBuildResultFromCacheInternal(VirtualPath virtualPath, Boolean ensureIsUpToDate)
   at System.Web.Compilation.BuildManager.GetVPathBuildResultInternal(VirtualPath virtualPath, Boolean noBuild, Boolean allowCrossApp, Boolean allowBuildInPrecompile, Boolean throwIfNotFound, Boolean ensureIsUpToDate)
   at System.Web.Compilation.BuildManager.GetVPathBuildResultWithNoAssert(HttpContext context, VirtualPath virtualPath, Boolean noBuild, Boolean allowCrossApp, Boolean allowBuildInPrecompile, Boolean throwIfNotFound, Boolean ensureIsUpToDate)
   at System.Web.Compilation.BuildManager.GetVPathBuildResult(HttpContext context, VirtualPath virtualPath, Boolean noBuild, Boolean allowCrossApp, Boolean allowBuildInPrecompile, Boolean ensureIsUpToDate)
   at System.Web.Compilation.BuildManager.GetCompiledAssembly(String virtualPath)
   at Orchard.Environment.DefaultBuildManager.GetCompiledAssembly(String virtualPath) in c:\Users\PaulM\Desktop\Projects\zone.timemfg.com\src\Orchard\Environment\IBuildManager.cs:line 53
2014-07-29 07:17:06,789 [12] Orchard.Environment.DefaultBuildManager - (null) - Error when compiling assembly under ~/Modules/Time.OrderLog/Time.OrderLog.csproj.
System.Web.HttpCompileException (0x80004005): c:\Users\PaulM\Desktop\Projects\zone.timemfg.com\src\Orchard.Web\Modules\Time.OrderLog\Controllers\HomeController.cs(106): error CS0104: 'EntityState' is an ambiguous reference between 'System.Data.EntityState' and 'System.Data.Entity.EntityState'
   at System.Web.Compilation.BuildManager.PostProcessFoundBuildResult(BuildResult result, Boolean keyFromVPP, VirtualPath virtualPath)
   at System.Web.Compilation.BuildManager.GetBuildResultFromCacheInternal(String cacheKey, Boolean keyFromVPP, VirtualPath virtualPath, Int64 hashCode, Boolean ensureIsUpToDate)
   at System.Web.Compilation.BuildManager.GetVPathBuildResultFromCacheInternal(VirtualPath virtualPath, Boolean ensureIsUpToDate)
   at System.Web.Compilation.BuildManager.GetVPathBuildResultInternal(VirtualPath virtualPath, Boolean noBuild, Boolean allowCrossApp, Boolean allowBuildInPrecompile, Boolean throwIfNotFound, Boolean ensureIsUpToDate)
   at System.Web.Compilation.BuildManager.GetVPathBuildResultWithNoAssert(HttpContext context, VirtualPath virtualPath, Boolean noBuild, Boolean allowCrossApp, Boolean allowBuildInPrecompile, Boolean throwIfNotFound, Boolean ensureIsUpToDate)
   at System.Web.Compilation.BuildManager.GetVPathBuildResult(HttpContext context, VirtualPath virtualPath, Boolean noBuild, Boolean allowCrossApp, Boolean allowBuildInPrecompile, Boolean ensureIsUpToDate)
   at System.Web.Compilation.BuildManager.GetCompiledAssembly(String virtualPath)
   at Orchard.Environment.DefaultBuildManager.GetCompiledAssembly(String virtualPath) in c:\Users\PaulM\Desktop\Projects\zone.timemfg.com\src\Orchard\Environment\IBuildManager.cs:line 53
2014-07-29 07:17:06,793 [12] Orchard.Environment.DefaultBuildManager - (null) - Error when compiling assembly under ~/Modules/Time.OrderLog/Time.OrderLog.csproj.
System.Web.HttpCompileException (0x80004005): c:\Users\PaulM\Desktop\Projects\zone.timemfg.com\src\Orchard.Web\Modules\Time.OrderLog\Controllers\HomeController.cs(106): error CS0104: 'EntityState' is an ambiguous reference between 'System.Data.EntityState' and 'System.Data.Entity.EntityState'
   at System.Web.Compilation.BuildManager.PostProcessFoundBuildResult(BuildResult result, Boolean keyFromVPP, VirtualPath virtualPath)
   at System.Web.Compilation.BuildManager.GetBuildResultFromCacheInternal(String cacheKey, Boolean keyFromVPP, VirtualPath virtualPath, Int64 hashCode, Boolean ensureIsUpToDate)
   at System.Web.Compilation.BuildManager.GetVPathBuildResultFromCacheInternal(VirtualPath virtualPath, Boolean ensureIsUpToDate)
   at System.Web.Compilation.BuildManager.GetVPathBuildResultInternal(VirtualPath virtualPath, Boolean noBuild, Boolean allowCrossApp, Boolean allowBuildInPrecompile, Boolean throwIfNotFound, Boolean ensureIsUpToDate)
   at System.Web.Compilation.BuildManager.GetVPathBuildResultWithNoAssert(HttpContext context, VirtualPath virtualPath, Boolean noBuild, Boolean allowCrossApp, Boolean allowBuildInPrecompile, Boolean throwIfNotFound, Boolean ensureIsUpToDate)
   at System.Web.Compilation.BuildManager.GetVPathBuildResult(HttpContext context, VirtualPath virtualPath, Boolean noBuild, Boolean allowCrossApp, Boolean allowBuildInPrecompile, Boolean ensureIsUpToDate)
   at System.Web.Compilation.BuildManager.GetCompiledAssembly(String virtualPath)
   at Orchard.Environment.DefaultBuildManager.GetCompiledAssembly(String virtualPath) in c:\Users\PaulM\Desktop\Projects\zone.timemfg.com\src\Orchard\Environment\IBuildManager.cs:line 53
2014-07-29 07:17:06,797 [12] Orchard.Environment.DefaultBuildManager - (null) - Error when compiling assembly under ~/Modules/Time.OrderLog/Time.OrderLog.csproj.
System.Web.HttpCompileException (0x80004005): c:\Users\PaulM\Desktop\Projects\zone.timemfg.com\src\Orchard.Web\Modules\Time.OrderLog\Controllers\HomeController.cs(106): error CS0104: 'EntityState' is an ambiguous reference between 'System.Data.EntityState' and 'System.Data.Entity.EntityState'
   at System.Web.Compilation.BuildManager.PostProcessFoundBuildResult(BuildResult result, Boolean keyFromVPP, VirtualPath virtualPath)
   at System.Web.Compilation.BuildManager.GetBuildResultFromCacheInternal(String cacheKey, Boolean keyFromVPP, VirtualPath virtualPath, Int64 hashCode, Boolean ensureIsUpToDate)
   at System.Web.Compilation.BuildManager.GetVPathBuildResultFromCacheInternal(VirtualPath virtualPath, Boolean ensureIsUpToDate)
   at System.Web.Compilation.BuildManager.GetVPathBuildResultInternal(VirtualPath virtualPath, Boolean noBuild, Boolean allowCrossApp, Boolean allowBuildInPrecompile, Boolean throwIfNotFound, Boolean ensureIsUpToDate)
   at System.Web.Compilation.BuildManager.GetVPathBuildResultWithNoAssert(HttpContext context, VirtualPath virtualPath, Boolean noBuild, Boolean allowCrossApp, Boolean allowBuildInPrecompile, Boolean throwIfNotFound, Boolean ensureIsUpToDate)
   at System.Web.Compilation.BuildManager.GetVPathBuildResult(HttpContext context, VirtualPath virtualPath, Boolean noBuild, Boolean allowCrossApp, Boolean allowBuildInPrecompile, Boolean ensureIsUpToDate)
   at System.Web.Compilation.BuildManager.GetCompiledAssembly(String virtualPath)
   at Orchard.Environment.DefaultBuildManager.GetCompiledAssembly(String virtualPath) in c:\Users\PaulM\Desktop\Projects\zone.timemfg.com\src\Orchard\Environment\IBuildManager.cs:line 53
2014-07-29 07:17:06,803 [12] Orchard.Environment.DefaultBuildManager - (null) - Error when compiling assembly under ~/Modules/Time.OrderLog/Time.OrderLog.csproj.
System.Web.HttpCompileException (0x80004005): c:\Users\PaulM\Desktop\Projects\zone.timemfg.com\src\Orchard.Web\Modules\Time.OrderLog\Controllers\HomeController.cs(106): error CS0104: 'EntityState' is an ambiguous reference between 'System.Data.EntityState' and 'System.Data.Entity.EntityState'
   at System.Web.Compilation.BuildManager.PostProcessFoundBuildResult(BuildResult result, Boolean keyFromVPP, VirtualPath virtualPath)
   at System.Web.Compilation.BuildManager.GetBuildResultFromCacheInternal(String cacheKey, Boolean keyFromVPP, VirtualPath virtualPath, Int64 hashCode, Boolean ensureIsUpToDate)
   at System.Web.Compilation.BuildManager.GetVPathBuildResultFromCacheInternal(VirtualPath virtualPath, Boolean ensureIsUpToDate)
   at System.Web.Compilation.BuildManager.GetVPathBuildResultInternal(VirtualPath virtualPath, Boolean noBuild, Boolean allowCrossApp, Boolean allowBuildInPrecompile, Boolean throwIfNotFound, Boolean ensureIsUpToDate)
   at System.Web.Compilation.BuildManager.GetVPathBuildResultWithNoAssert(HttpContext context, VirtualPath virtualPath, Boolean noBuild, Boolean allowCrossApp, Boolean allowBuildInPrecompile, Boolean throwIfNotFound, Boolean ensureIsUpToDate)
   at System.Web.Compilation.BuildManager.GetVPathBuildResult(HttpContext context, VirtualPath virtualPath, Boolean noBuild, Boolean allowCrossApp, Boolean allowBuildInPrecompile, Boolean ensureIsUpToDate)
   at System.Web.Compilation.BuildManager.GetCompiledAssembly(String virtualPath)
   at Orchard.Environment.DefaultBuildManager.GetCompiledAssembly(String virtualPath) in c:\Users\PaulM\Desktop\Projects\zone.timemfg.com\src\Orchard\Environment\IBuildManager.cs:line 53
2014-07-29 07:17:06,807 [12] Orchard.Environment.DefaultBuildManager - (null) - Error when compiling assembly under ~/Modules/Time.OrderLog/Time.OrderLog.csproj.
System.Web.HttpCompileException (0x80004005): c:\Users\PaulM\Desktop\Projects\zone.timemfg.com\src\Orchard.Web\Modules\Time.OrderLog\Controllers\HomeController.cs(106): error CS0104: 'EntityState' is an ambiguous reference between 'System.Data.EntityState' and 'System.Data.Entity.EntityState'
   at System.Web.Compilation.BuildManager.PostProcessFoundBuildResult(BuildResult result, Boolean keyFromVPP, VirtualPath virtualPath)
   at System.Web.Compilation.BuildManager.GetBuildResultFromCacheInternal(String cacheKey, Boolean keyFromVPP, VirtualPath virtualPath, Int64 hashCode, Boolean ensureIsUpToDate)
   at System.Web.Compilation.BuildManager.GetVPathBuildResultFromCacheInternal(VirtualPath virtualPath, Boolean ensureIsUpToDate)
   at System.Web.Compilation.BuildManager.GetVPathBuildResultInternal(VirtualPath virtualPath, Boolean noBuild, Boolean allowCrossApp, Boolean allowBuildInPrecompile, Boolean throwIfNotFound, Boolean ensureIsUpToDate)
   at System.Web.Compilation.BuildManager.GetVPathBuildResultWithNoAssert(HttpContext context, VirtualPath virtualPath, Boolean noBuild, Boolean allowCrossApp, Boolean allowBuildInPrecompile, Boolean throwIfNotFound, Boolean ensureIsUpToDate)
   at System.Web.Compilation.BuildManager.GetVPathBuildResult(HttpContext context, VirtualPath virtualPath, Boolean noBuild, Boolean allowCrossApp, Boolean allowBuildInPrecompile, Boolean ensureIsUpToDate)
   at System.Web.Compilation.BuildManager.GetCompiledAssembly(String virtualPath)
   at Orchard.Environment.DefaultBuildManager.GetCompiledAssembly(String virtualPath) in c:\Users\PaulM\Desktop\Projects\zone.timemfg.com\src\Orchard\Environment\IBuildManager.cs:line 53
2014-07-29 07:17:06,812 [12] Orchard.Environment.DefaultBuildManager - (null) - Error when compiling assembly under ~/Modules/Time.OrderLog/Time.OrderLog.csproj.
System.Web.HttpCompileException (0x80004005): c:\Users\PaulM\Desktop\Projects\zone.timemfg.com\src\Orchard.Web\Modules\Time.OrderLog\Controllers\HomeController.cs(106): error CS0104: 'EntityState' is an ambiguous reference between 'System.Data.EntityState' and 'System.Data.Entity.EntityState'
   at System.Web.Compilation.BuildManager.PostProcessFoundBuildResult(BuildResult result, Boolean keyFromVPP, VirtualPath virtualPath)
   at System.Web.Compilation.BuildManager.GetBuildResultFromCacheInternal(String cacheKey, Boolean keyFromVPP, VirtualPath virtualPath, Int64 hashCode, Boolean ensureIsUpToDate)
   at System.Web.Compilation.BuildManager.GetVPathBuildResultFromCacheInternal(VirtualPath virtualPath, Boolean ensureIsUpToDate)
   at System.Web.Compilation.BuildManager.GetVPathBuildResultInternal(VirtualPath virtualPath, Boolean noBuild, Boolean allowCrossApp, Boolean allowBuildInPrecompile, Boolean throwIfNotFound, Boolean ensureIsUpToDate)
   at System.Web.Compilation.BuildManager.GetVPathBuildResultWithNoAssert(HttpContext context, VirtualPath virtualPath, Boolean noBuild, Boolean allowCrossApp, Boolean allowBuildInPrecompile, Boolean throwIfNotFound, Boolean ensureIsUpToDate)
   at System.Web.Compilation.BuildManager.GetVPathBuildResult(HttpContext context, VirtualPath virtualPath, Boolean noBuild, Boolean allowCrossApp, Boolean allowBuildInPrecompile, Boolean ensureIsUpToDate)
   at System.Web.Compilation.BuildManager.GetCompiledAssembly(String virtualPath)
   at Orchard.Environment.DefaultBuildManager.GetCompiledAssembly(String virtualPath) in c:\Users\PaulM\Desktop\Projects\zone.timemfg.com\src\Orchard\Environment\IBuildManager.cs:line 53
2014-07-29 07:17:06,816 [12] Orchard.Environment.DefaultBuildManager - (null) - Error when compiling assembly under ~/Modules/Time.OrderLog/Time.OrderLog.csproj.
System.Web.HttpCompileException (0x80004005): c:\Users\PaulM\Desktop\Projects\zone.timemfg.com\src\Orchard.Web\Modules\Time.OrderLog\Controllers\HomeController.cs(106): error CS0104: 'EntityState' is an ambiguous reference between 'System.Data.EntityState' and 'System.Data.Entity.EntityState'
   at System.Web.Compilation.BuildManager.PostProcessFoundBuildResult(BuildResult result, Boolean keyFromVPP, VirtualPath virtualPath)
   at System.Web.Compilation.BuildManager.GetBuildResultFromCacheInternal(String cacheKey, Boolean keyFromVPP, VirtualPath virtualPath, Int64 hashCode, Boolean ensureIsUpToDate)
   at System.Web.Compilation.BuildManager.GetVPathBuildResultFromCacheInternal(VirtualPath virtualPath, Boolean ensureIsUpToDate)
   at System.Web.Compilation.BuildManager.GetVPathBuildResultInternal(VirtualPath virtualPath, Boolean noBuild, Boolean allowCrossApp, Boolean allowBuildInPrecompile, Boolean throwIfNotFound, Boolean ensureIsUpToDate)
   at System.Web.Compilation.BuildManager.GetVPathBuildResultWithNoAssert(HttpContext context, VirtualPath virtualPath, Boolean noBuild, Boolean allowCrossApp, Boolean allowBuildInPrecompile, Boolean throwIfNotFound, Boolean ensureIsUpToDate)
   at System.Web.Compilation.BuildManager.GetVPathBuildResult(HttpContext context, VirtualPath virtualPath, Boolean noBuild, Boolean allowCrossApp, Boolean allowBuildInPrecompile, Boolean ensureIsUpToDate)
   at System.Web.Compilation.BuildManager.GetCompiledAssembly(String virtualPath)
   at Orchard.Environment.DefaultBuildManager.GetCompiledAssembly(String virtualPath) in c:\Users\PaulM\Desktop\Projects\zone.timemfg.com\src\Orchard\Environment\IBuildManager.cs:line 53
2014-07-29 07:17:06,822 [12] Orchard.Environment.DefaultBuildManager - (null) - Error when compiling assembly under ~/Modules/Time.OrderLog/Time.OrderLog.csproj.
System.Web.HttpCompileException (0x80004005): c:\Users\PaulM\Desktop\Projects\zone.timemfg.com\src\Orchard.Web\Modules\Time.OrderLog\Controllers\HomeController.cs(106): error CS0104: 'EntityState' is an ambiguous reference between 'System.Data.EntityState' and 'System.Data.Entity.EntityState'
   at System.Web.Compilation.BuildManager.PostProcessFoundBuildResult(BuildResult result, Boolean keyFromVPP, VirtualPath virtualPath)
   at System.Web.Compilation.BuildManager.GetBuildResultFromCacheInternal(String cacheKey, Boolean keyFromVPP, VirtualPath virtualPath, Int64 hashCode, Boolean ensureIsUpToDate)
   at System.Web.Compilation.BuildManager.GetVPathBuildResultFromCacheInternal(VirtualPath virtualPath, Boolean ensureIsUpToDate)
   at System.Web.Compilation.BuildManager.GetVPathBuildResultInternal(VirtualPath virtualPath, Boolean noBuild, Boolean allowCrossApp, Boolean allowBuildInPrecompile, Boolean throwIfNotFound, Boolean ensureIsUpToDate)
   at System.Web.Compilation.BuildManager.GetVPathBuildResultWithNoAssert(HttpContext context, VirtualPath virtualPath, Boolean noBuild, Boolean allowCrossApp, Boolean allowBuildInPrecompile, Boolean throwIfNotFound, Boolean ensureIsUpToDate)
   at System.Web.Compilation.BuildManager.GetVPathBuildResult(HttpContext context, VirtualPath virtualPath, Boolean noBuild, Boolean allowCrossApp, Boolean allowBuildInPrecompile, Boolean ensureIsUpToDate)
   at System.Web.Compilation.BuildManager.GetCompiledAssembly(String virtualPath)
   at Orchard.Environment.DefaultBuildManager.GetCompiledAssembly(String virtualPath) in c:\Users\PaulM\Desktop\Projects\zone.timemfg.com\src\Orchard\Environment\IBuildManager.cs:line 53
2014-07-29 07:17:06,826 [12] Orchard.Environment.DefaultBuildManager - (null) - Error when compiling assembly under ~/Modules/Time.OrderLog/Time.OrderLog.csproj.
System.Web.HttpCompileException (0x80004005): c:\Users\PaulM\Desktop\Projects\zone.timemfg.com\src\Orchard.Web\Modules\Time.OrderLog\Controllers\HomeController.cs(106): error CS0104: 'EntityState' is an ambiguous reference between 'System.Data.EntityState' and 'System.Data.Entity.EntityState'
   at System.Web.Compilation.BuildManager.PostProcessFoundBuildResult(BuildResult result, Boolean keyFromVPP, VirtualPath virtualPath)
   at System.Web.Compilation.BuildManager.GetBuildResultFromCacheInternal(String cacheKey, Boolean keyFromVPP, VirtualPath virtualPath, Int64 hashCode, Boolean ensureIsUpToDate)
   at System.Web.Compilation.BuildManager.GetVPathBuildResultFromCacheInternal(VirtualPath virtualPath, Boolean ensureIsUpToDate)
   at System.Web.Compilation.BuildManager.GetVPathBuildResultInternal(VirtualPath virtualPath, Boolean noBuild, Boolean allowCrossApp, Boolean allowBuildInPrecompile, Boolean throwIfNotFound, Boolean ensureIsUpToDate)
   at System.Web.Compilation.BuildManager.GetVPathBuildResultWithNoAssert(HttpContext context, VirtualPath virtualPath, Boolean noBuild, Boolean allowCrossApp, Boolean allowBuildInPrecompile, Boolean throwIfNotFound, Boolean ensureIsUpToDate)
   at System.Web.Compilation.BuildManager.GetVPathBuildResult(HttpContext context, VirtualPath virtualPath, Boolean noBuild, Boolean allowCrossApp, Boolean allowBuildInPrecompile, Boolean ensureIsUpToDate)
   at System.Web.Compilation.BuildManager.GetCompiledAssembly(String virtualPath)
   at Orchard.Environment.DefaultBuildManager.GetCompiledAssembly(String virtualPath) in c:\Users\PaulM\Desktop\Projects\zone.timemfg.com\src\Orchard\Environment\IBuildManager.cs:line 53
2014-07-29 07:17:06,832 [12] Orchard.Environment.DefaultBuildManager - (null) - Error when compiling assembly under ~/Modules/Time.OrderLog/Time.OrderLog.csproj.
System.Web.HttpCompileException (0x80004005): c:\Users\PaulM\Desktop\Projects\zone.timemfg.com\src\Orchard.Web\Modules\Time.OrderLog\Controllers\HomeController.cs(106): error CS0104: 'EntityState' is an ambiguous reference between 'System.Data.EntityState' and 'System.Data.Entity.EntityState'
   at System.Web.Compilation.BuildManager.PostProcessFoundBuildResult(BuildResult result, Boolean keyFromVPP, VirtualPath virtualPath)
   at System.Web.Compilation.BuildManager.GetBuildResultFromCacheInternal(String cacheKey, Boolean keyFromVPP, VirtualPath virtualPath, Int64 hashCode, Boolean ensureIsUpToDate)
   at System.Web.Compilation.BuildManager.GetVPathBuildResultFromCacheInternal(VirtualPath virtualPath, Boolean ensureIsUpToDate)
   at System.Web.Compilation.BuildManager.GetVPathBuildResultInternal(VirtualPath virtualPath, Boolean noBuild, Boolean allowCrossApp, Boolean allowBuildInPrecompile, Boolean throwIfNotFound, Boolean ensureIsUpToDate)
   at System.Web.Compilation.BuildManager.GetVPathBuildResultWithNoAssert(HttpContext context, VirtualPath virtualPath, Boolean noBuild, Boolean allowCrossApp, Boolean allowBuildInPrecompile, Boolean throwIfNotFound, Boolean ensureIsUpToDate)
   at System.Web.Compilation.BuildManager.GetVPathBuildResult(HttpContext context, VirtualPath virtualPath, Boolean noBuild, Boolean allowCrossApp, Boolean allowBuildInPrecompile, Boolean ensureIsUpToDate)
   at System.Web.Compilation.BuildManager.GetCompiledAssembly(String virtualPath)
   at Orchard.Environment.DefaultBuildManager.GetCompiledAssembly(String virtualPath) in c:\Users\PaulM\Desktop\Projects\zone.timemfg.com\src\Orchard\Environment\IBuildManager.cs:line 53
2014-07-29 07:17:06,877 [12] Orchard.Environment.DefaultBuildManager - (null) - Error when compiling assembly under ~/Modules/Time.OrderLog/Time.OrderLog.csproj.
System.Web.HttpCompileException (0x80004005): c:\Users\PaulM\Desktop\Projects\zone.timemfg.com\src\Orchard.Web\Modules\Time.OrderLog\Controllers\HomeController.cs(106): error CS0104: 'EntityState' is an ambiguous reference between 'System.Data.EntityState' and 'System.Data.Entity.EntityState'
   at System.Web.Compilation.BuildManager.PostProcessFoundBuildResult(BuildResult result, Boolean keyFromVPP, VirtualPath virtualPath)
   at System.Web.Compilation.BuildManager.GetBuildResultFromCacheInternal(String cacheKey, Boolean keyFromVPP, VirtualPath virtualPath, Int64 hashCode, Boolean ensureIsUpToDate)
   at System.Web.Compilation.BuildManager.GetVPathBuildResultFromCacheInternal(VirtualPath virtualPath, Boolean ensureIsUpToDate)
   at System.Web.Compilation.BuildManager.GetVPathBuildResultInternal(VirtualPath virtualPath, Boolean noBuild, Boolean allowCrossApp, Boolean allowBuildInPrecompile, Boolean throwIfNotFound, Boolean ensureIsUpToDate)
   at System.Web.Compilation.BuildManager.GetVPathBuildResultWithNoAssert(HttpContext context, VirtualPath virtualPath, Boolean noBuild, Boolean allowCrossApp, Boolean allowBuildInPrecompile, Boolean throwIfNotFound, Boolean ensureIsUpToDate)
   at System.Web.Compilation.BuildManager.GetVPathBuildResult(HttpContext context, VirtualPath virtualPath, Boolean noBuild, Boolean allowCrossApp, Boolean allowBuildInPrecompile, Boolean ensureIsUpToDate)
   at System.Web.Compilation.BuildManager.GetCompiledAssembly(String virtualPath)
   at Orchard.Environment.DefaultBuildManager.GetCompiledAssembly(String virtualPath) in c:\Users\PaulM\Desktop\Projects\zone.timemfg.com\src\Orchard\Environment\IBuildManager.cs:line 53
2014-07-29 07:17:06,882 [12] Orchard.Environment.DefaultBuildManager - (null) - Error when compiling assembly under ~/Modules/Time.OrderLog/Time.OrderLog.csproj.
System.Web.HttpCompileException (0x80004005): c:\Users\PaulM\Desktop\Projects\zone.timemfg.com\src\Orchard.Web\Modules\Time.OrderLog\Controllers\HomeController.cs(106): error CS0104: 'EntityState' is an ambiguous reference between 'System.Data.EntityState' and 'System.Data.Entity.EntityState'
   at System.Web.Compilation.BuildManager.PostProcessFoundBuildResult(BuildResult result, Boolean keyFromVPP, VirtualPath virtualPath)
   at System.Web.Compilation.BuildManager.GetBuildResultFromCacheInternal(String cacheKey, Boolean keyFromVPP, VirtualPath virtualPath, Int64 hashCode, Boolean ensureIsUpToDate)
   at System.Web.Compilation.BuildManager.GetVPathBuildResultFromCacheInternal(VirtualPath virtualPath, Boolean ensureIsUpToDate)
   at System.Web.Compilation.BuildManager.GetVPathBuildResultInternal(VirtualPath virtualPath, Boolean noBuild, Boolean allowCrossApp, Boolean allowBuildInPrecompile, Boolean throwIfNotFound, Boolean ensureIsUpToDate)
   at System.Web.Compilation.BuildManager.GetVPathBuildResultWithNoAssert(HttpContext context, VirtualPath virtualPath, Boolean noBuild, Boolean allowCrossApp, Boolean allowBuildInPrecompile, Boolean throwIfNotFound, Boolean ensureIsUpToDate)
   at System.Web.Compilation.BuildManager.GetVPathBuildResult(HttpContext context, VirtualPath virtualPath, Boolean noBuild, Boolean allowCrossApp, Boolean allowBuildInPrecompile, Boolean ensureIsUpToDate)
   at System.Web.Compilation.BuildManager.GetCompiledAssembly(String virtualPath)
   at Orchard.Environment.DefaultBuildManager.GetCompiledAssembly(String virtualPath) in c:\Users\PaulM\Desktop\Projects\zone.timemfg.com\src\Orchard\Environment\IBuildManager.cs:line 53
2014-07-29 07:17:06,886 [12] Orchard.Environment.DefaultBuildManager - (null) - Error when compiling assembly under ~/Modules/Time.OrderLog/Time.OrderLog.csproj.
System.Web.HttpCompileException (0x80004005): c:\Users\PaulM\Desktop\Projects\zone.timemfg.com\src\Orchard.Web\Modules\Time.OrderLog\Controllers\HomeController.cs(106): error CS0104: 'EntityState' is an ambiguous reference between 'System.Data.EntityState' and 'System.Data.Entity.EntityState'
   at System.Web.Compilation.BuildManager.PostProcessFoundBuildResult(BuildResult result, Boolean keyFromVPP, VirtualPath virtualPath)
   at System.Web.Compilation.BuildManager.GetBuildResultFromCacheInternal(String cacheKey, Boolean keyFromVPP, VirtualPath virtualPath, Int64 hashCode, Boolean ensureIsUpToDate)
   at System.Web.Compilation.BuildManager.GetVPathBuildResultFromCacheInternal(VirtualPath virtualPath, Boolean ensureIsUpToDate)
   at System.Web.Compilation.BuildManager.GetVPathBuildResultInternal(VirtualPath virtualPath, Boolean noBuild, Boolean allowCrossApp, Boolean allowBuildInPrecompile, Boolean throwIfNotFound, Boolean ensureIsUpToDate)
   at System.Web.Compilation.BuildManager.GetVPathBuildResultWithNoAssert(HttpContext context, VirtualPath virtualPath, Boolean noBuild, Boolean allowCrossApp, Boolean allowBuildInPrecompile, Boolean throwIfNotFound, Boolean ensureIsUpToDate)
   at System.Web.Compilation.BuildManager.GetVPathBuildResult(HttpContext context, VirtualPath virtualPath, Boolean noBuild, Boolean allowCrossApp, Boolean allowBuildInPrecompile, Boolean ensureIsUpToDate)
   at System.Web.Compilation.BuildManager.GetCompiledAssembly(String virtualPath)
   at Orchard.Environment.DefaultBuildManager.GetCompiledAssembly(String virtualPath) in c:\Users\PaulM\Desktop\Projects\zone.timemfg.com\src\Orchard\Environment\IBuildManager.cs:line 53
2014-07-29 07:17:06,893 [12] Orchard.Environment.DefaultBuildManager - (null) - Error when compiling assembly under ~/Modules/Time.OrderLog/Time.OrderLog.csproj.
System.Web.HttpCompileException (0x80004005): c:\Users\PaulM\Desktop\Projects\zone.timemfg.com\src\Orchard.Web\Modules\Time.OrderLog\Controllers\HomeController.cs(106): error CS0104: 'EntityState' is an ambiguous reference between 'System.Data.EntityState' and 'System.Data.Entity.EntityState'
   at System.Web.Compilation.BuildManager.PostProcessFoundBuildResult(BuildResult result, Boolean keyFromVPP, VirtualPath virtualPath)
   at System.Web.Compilation.BuildManager.GetBuildResultFromCacheInternal(String cacheKey, Boolean keyFromVPP, VirtualPath virtualPath, Int64 hashCode, Boolean ensureIsUpToDate)
   at System.Web.Compilation.BuildManager.GetVPathBuildResultFromCacheInternal(VirtualPath virtualPath, Boolean ensureIsUpToDate)
   at System.Web.Compilation.BuildManager.GetVPathBuildResultInternal(VirtualPath virtualPath, Boolean noBuild, Boolean allowCrossApp, Boolean allowBuildInPrecompile, Boolean throwIfNotFound, Boolean ensureIsUpToDate)
   at System.Web.Compilation.BuildManager.GetVPathBuildResultWithNoAssert(HttpContext context, VirtualPath virtualPath, Boolean noBuild, Boolean allowCrossApp, Boolean allowBuildInPrecompile, Boolean throwIfNotFound, Boolean ensureIsUpToDate)
   at System.Web.Compilation.BuildManager.GetVPathBuildResult(HttpContext context, VirtualPath virtualPath, Boolean noBuild, Boolean allowCrossApp, Boolean allowBuildInPrecompile, Boolean ensureIsUpToDate)
   at System.Web.Compilation.BuildManager.GetCompiledAssembly(String virtualPath)
   at Orchard.Environment.DefaultBuildManager.GetCompiledAssembly(String virtualPath) in c:\Users\PaulM\Desktop\Projects\zone.timemfg.com\src\Orchard\Environment\IBuildManager.cs:line 53
2014-07-29 07:17:06,897 [12] Orchard.Environment.DefaultBuildManager - (null) - Error when compiling assembly under ~/Modules/Time.OrderLog/Time.OrderLog.csproj.
System.Web.HttpCompileException (0x80004005): c:\Users\PaulM\Desktop\Projects\zone.timemfg.com\src\Orchard.Web\Modules\Time.OrderLog\Controllers\HomeController.cs(106): error CS0104: 'EntityState' is an ambiguous reference between 'System.Data.EntityState' and 'System.Data.Entity.EntityState'
   at System.Web.Compilation.BuildManager.PostProcessFoundBuildResult(BuildResult result, Boolean keyFromVPP, VirtualPath virtualPath)
   at System.Web.Compilation.BuildManager.GetBuildResultFromCacheInternal(String cacheKey, Boolean keyFromVPP, VirtualPath virtualPath, Int64 hashCode, Boolean ensureIsUpToDate)
   at System.Web.Compilation.BuildManager.GetVPathBuildResultFromCacheInternal(VirtualPath virtualPath, Boolean ensureIsUpToDate)
   at System.Web.Compilation.BuildManager.GetVPathBuildResultInternal(VirtualPath virtualPath, Boolean noBuild, Boolean allowCrossApp, Boolean allowBuildInPrecompile, Boolean throwIfNotFound, Boolean ensureIsUpToDate)
   at System.Web.Compilation.BuildManager.GetVPathBuildResultWithNoAssert(HttpContext context, VirtualPath virtualPath, Boolean noBuild, Boolean allowCrossApp, Boolean allowBuildInPrecompile, Boolean throwIfNotFound, Boolean ensureIsUpToDate)
   at System.Web.Compilation.BuildManager.GetVPathBuildResult(HttpContext context, VirtualPath virtualPath, Boolean noBuild, Boolean allowCrossApp, Boolean allowBuildInPrecompile, Boolean ensureIsUpToDate)
   at System.Web.Compilation.BuildManager.GetCompiledAssembly(String virtualPath)
   at Orchard.Environment.DefaultBuildManager.GetCompiledAssembly(String virtualPath) in c:\Users\PaulM\Desktop\Projects\zone.timemfg.com\src\Orchard\Environment\IBuildManager.cs:line 53
2014-07-29 07:17:06,900 [12] Orchard.Environment.DefaultBuildManager - (null) - Error when compiling assembly under ~/Modules/Time.OrderLog/Time.OrderLog.csproj.
System.Web.HttpCompileException (0x80004005): c:\Users\PaulM\Desktop\Projects\zone.timemfg.com\src\Orchard.Web\Modules\Time.OrderLog\Controllers\HomeController.cs(106): error CS0104: 'EntityState' is an ambiguous reference between 'System.Data.EntityState' and 'System.Data.Entity.EntityState'
   at System.Web.Compilation.BuildManager.PostProcessFoundBuildResult(BuildResult result, Boolean keyFromVPP, VirtualPath virtualPath)
   at System.Web.Compilation.BuildManager.GetBuildResultFromCacheInternal(String cacheKey, Boolean keyFromVPP, VirtualPath virtualPath, Int64 hashCode, Boolean ensureIsUpToDate)
   at System.Web.Compilation.BuildManager.GetVPathBuildResultFromCacheInternal(VirtualPath virtualPath, Boolean ensureIsUpToDate)
   at System.Web.Compilation.BuildManager.GetVPathBuildResultInternal(VirtualPath virtualPath, Boolean noBuild, Boolean allowCrossApp, Boolean allowBuildInPrecompile, Boolean throwIfNotFound, Boolean ensureIsUpToDate)
   at System.Web.Compilation.BuildManager.GetVPathBuildResultWithNoAssert(HttpContext context, VirtualPath virtualPath, Boolean noBuild, Boolean allowCrossApp, Boolean allowBuildInPrecompile, Boolean throwIfNotFound, Boolean ensureIsUpToDate)
   at System.Web.Compilation.BuildManager.GetVPathBuildResult(HttpContext context, VirtualPath virtualPath, Boolean noBuild, Boolean allowCrossApp, Boolean allowBuildInPrecompile, Boolean ensureIsUpToDate)
   at System.Web.Compilation.BuildManager.GetCompiledAssembly(String virtualPath)
   at Orchard.Environment.DefaultBuildManager.GetCompiledAssembly(String virtualPath) in c:\Users\PaulM\Desktop\Projects\zone.timemfg.com\src\Orchard\Environment\IBuildManager.cs:line 53
2014-07-29 07:17:06,905 [12] Orchard.Environment.DefaultBuildManager - (null) - Error when compiling assembly under ~/Modules/Time.OrderLog/Time.OrderLog.csproj.
System.Web.HttpCompileException (0x80004005): c:\Users\PaulM\Desktop\Projects\zone.timemfg.com\src\Orchard.Web\Modules\Time.OrderLog\Controllers\HomeController.cs(106): error CS0104: 'EntityState' is an ambiguous reference between 'System.Data.EntityState' and 'System.Data.Entity.EntityState'
   at System.Web.Compilation.BuildManager.PostProcessFoundBuildResult(BuildResult result, Boolean keyFromVPP, VirtualPath virtualPath)
   at System.Web.Compilation.BuildManager.GetBuildResultFromCacheInternal(String cacheKey, Boolean keyFromVPP, VirtualPath virtualPath, Int64 hashCode, Boolean ensureIsUpToDate)
   at System.Web.Compilation.BuildManager.GetVPathBuildResultFromCacheInternal(VirtualPath virtualPath, Boolean ensureIsUpToDate)
   at System.Web.Compilation.BuildManager.GetVPathBuildResultInternal(VirtualPath virtualPath, Boolean noBuild, Boolean allowCrossApp, Boolean allowBuildInPrecompile, Boolean throwIfNotFound, Boolean ensureIsUpToDate)
   at System.Web.Compilation.BuildManager.GetVPathBuildResultWithNoAssert(HttpContext context, VirtualPath virtualPath, Boolean noBuild, Boolean allowCrossApp, Boolean allowBuildInPrecompile, Boolean throwIfNotFound, Boolean ensureIsUpToDate)
   at System.Web.Compilation.BuildManager.GetVPathBuildResult(HttpContext context, VirtualPath virtualPath, Boolean noBuild, Boolean allowCrossApp, Boolean allowBuildInPrecompile, Boolean ensureIsUpToDate)
   at System.Web.Compilation.BuildManager.GetCompiledAssembly(String virtualPath)
   at Orchard.Environment.DefaultBuildManager.GetCompiledAssembly(String virtualPath) in c:\Users\PaulM\Desktop\Projects\zone.timemfg.com\src\Orchard\Environment\IBuildManager.cs:line 53
2014-07-29 07:17:06,909 [12] Orchard.Environment.DefaultBuildManager - (null) - Error when compiling assembly under ~/Modules/Time.OrderLog/Time.OrderLog.csproj.
System.Web.HttpCompileException (0x80004005): c:\Users\PaulM\Desktop\Projects\zone.timemfg.com\src\Orchard.Web\Modules\Time.OrderLog\Controllers\HomeController.cs(106): error CS0104: 'EntityState' is an ambiguous reference between 'System.Data.EntityState' and 'System.Data.Entity.EntityState'
   at System.Web.Compilation.BuildManager.PostProcessFoundBuildResult(BuildResult result, Boolean keyFromVPP, VirtualPath virtualPath)
   at System.Web.Compilation.BuildManager.GetBuildResultFromCacheInternal(String cacheKey, Boolean keyFromVPP, VirtualPath virtualPath, Int64 hashCode, Boolean ensureIsUpToDate)
   at System.Web.Compilation.BuildManager.GetVPathBuildResultFromCacheInternal(VirtualPath virtualPath, Boolean ensureIsUpToDate)
   at System.Web.Compilation.BuildManager.GetVPathBuildResultInternal(VirtualPath virtualPath, Boolean noBuild, Boolean allowCrossApp, Boolean allowBuildInPrecompile, Boolean throwIfNotFound, Boolean ensureIsUpToDate)
   at System.Web.Compilation.BuildManager.GetVPathBuildResultWithNoAssert(HttpContext context, VirtualPath virtualPath, Boolean noBuild, Boolean allowCrossApp, Boolean allowBuildInPrecompile, Boolean throwIfNotFound, Boolean ensureIsUpToDate)
   at System.Web.Compilation.BuildManager.GetVPathBuildResult(HttpContext context, VirtualPath virtualPath, Boolean noBuild, Boolean allowCrossApp, Boolean allowBuildInPrecompile, Boolean ensureIsUpToDate)
   at System.Web.Compilation.BuildManager.GetCompiledAssembly(String virtualPath)
   at Orchard.Environment.DefaultBuildManager.GetCompiledAssembly(String virtualPath) in c:\Users\PaulM\Desktop\Projects\zone.timemfg.com\src\Orchard\Environment\IBuildManager.cs:line 53
2014-07-29 07:17:06,914 [12] Orchard.Environment.DefaultBuildManager - (null) - Error when compiling assembly under ~/Modules/Time.OrderLog/Time.OrderLog.csproj.
System.Web.HttpCompileException (0x80004005): c:\Users\PaulM\Desktop\Projects\zone.timemfg.com\src\Orchard.Web\Modules\Time.OrderLog\Controllers\HomeController.cs(106): error CS0104: 'EntityState' is an ambiguous reference between 'System.Data.EntityState' and 'System.Data.Entity.EntityState'
   at System.Web.Compilation.BuildManager.PostProcessFoundBuildResult(BuildResult result, Boolean keyFromVPP, VirtualPath virtualPath)
   at System.Web.Compilation.BuildManager.GetBuildResultFromCacheInternal(String cacheKey, Boolean keyFromVPP, VirtualPath virtualPath, Int64 hashCode, Boolean ensureIsUpToDate)
   at System.Web.Compilation.BuildManager.GetVPathBuildResultFromCacheInternal(VirtualPath virtualPath, Boolean ensureIsUpToDate)
   at System.Web.Compilation.BuildManager.GetVPathBuildResultInternal(VirtualPath virtualPath, Boolean noBuild, Boolean allowCrossApp, Boolean allowBuildInPrecompile, Boolean throwIfNotFound, Boolean ensureIsUpToDate)
   at System.Web.Compilation.BuildManager.GetVPathBuildResultWithNoAssert(HttpContext context, VirtualPath virtualPath, Boolean noBuild, Boolean allowCrossApp, Boolean allowBuildInPrecompile, Boolean throwIfNotFound, Boolean ensureIsUpToDate)
   at System.Web.Compilation.BuildManager.GetVPathBuildResult(HttpContext context, VirtualPath virtualPath, Boolean noBuild, Boolean allowCrossApp, Boolean allowBuildInPrecompile, Boolean ensureIsUpToDate)
   at System.Web.Compilation.BuildManager.GetCompiledAssembly(String virtualPath)
   at Orchard.Environment.DefaultBuildManager.GetCompiledAssembly(String virtualPath) in c:\Users\PaulM\Desktop\Projects\zone.timemfg.com\src\Orchard\Environment\IBuildManager.cs:line 53
2014-07-29 07:17:06,921 [12] Orchard.Environment.DefaultBuildManager - (null) - Error when compiling assembly under ~/Modules/Time.OrderLog/Time.OrderLog.csproj.
System.Web.HttpCompileException (0x80004005): c:\Users\PaulM\Desktop\Projects\zone.timemfg.com\src\Orchard.Web\Modules\Time.OrderLog\Controllers\HomeController.cs(106): error CS0104: 'EntityState' is an ambiguous reference between 'System.Data.EntityState' and 'System.Data.Entity.EntityState'
   at System.Web.Compilation.BuildManager.PostProcessFoundBuildResult(BuildResult result, Boolean keyFromVPP, VirtualPath virtualPath)
   at System.Web.Compilation.BuildManager.GetBuildResultFromCacheInternal(String cacheKey, Boolean keyFromVPP, VirtualPath virtualPath, Int64 hashCode, Boolean ensureIsUpToDate)
   at System.Web.Compilation.BuildManager.GetVPathBuildResultFromCacheInternal(VirtualPath virtualPath, Boolean ensureIsUpToDate)
   at System.Web.Compilation.BuildManager.GetVPathBuildResultInternal(VirtualPath virtualPath, Boolean noBuild, Boolean allowCrossApp, Boolean allowBuildInPrecompile, Boolean throwIfNotFound, Boolean ensureIsUpToDate)
   at System.Web.Compilation.BuildManager.GetVPathBuildResultWithNoAssert(HttpContext context, VirtualPath virtualPath, Boolean noBuild, Boolean allowCrossApp, Boolean allowBuildInPrecompile, Boolean throwIfNotFound, Boolean ensureIsUpToDate)
   at System.Web.Compilation.BuildManager.GetVPathBuildResult(HttpContext context, VirtualPath virtualPath, Boolean noBuild, Boolean allowCrossApp, Boolean allowBuildInPrecompile, Boolean ensureIsUpToDate)
   at System.Web.Compilation.BuildManager.GetCompiledAssembly(String virtualPath)
   at Orchard.Environment.DefaultBuildManager.GetCompiledAssembly(String virtualPath) in c:\Users\PaulM\Desktop\Projects\zone.timemfg.com\src\Orchard\Environment\IBuildManager.cs:line 53
2014-07-29 07:17:06,926 [12] Orchard.Environment.DefaultBuildManager - (null) - Error when compiling assembly under ~/Modules/Time.OrderLog/Time.OrderLog.csproj.
System.Web.HttpCompileException (0x80004005): c:\Users\PaulM\Desktop\Projects\zone.timemfg.com\src\Orchard.Web\Modules\Time.OrderLog\Controllers\HomeController.cs(106): error CS0104: 'EntityState' is an ambiguous reference between 'System.Data.EntityState' and 'System.Data.Entity.EntityState'
   at System.Web.Compilation.BuildManager.PostProcessFoundBuildResult(BuildResult result, Boolean keyFromVPP, VirtualPath virtualPath)
   at System.Web.Compilation.BuildManager.GetBuildResultFromCacheInternal(String cacheKey, Boolean keyFromVPP, VirtualPath virtualPath, Int64 hashCode, Boolean ensureIsUpToDate)
   at System.Web.Compilation.BuildManager.GetVPathBuildResultFromCacheInternal(VirtualPath virtualPath, Boolean ensureIsUpToDate)
   at System.Web.Compilation.BuildManager.GetVPathBuildResultInternal(VirtualPath virtualPath, Boolean noBuild, Boolean allowCrossApp, Boolean allowBuildInPrecompile, Boolean throwIfNotFound, Boolean ensureIsUpToDate)
   at System.Web.Compilation.BuildManager.GetVPathBuildResultWithNoAssert(HttpContext context, VirtualPath virtualPath, Boolean noBuild, Boolean allowCrossApp, Boolean allowBuildInPrecompile, Boolean throwIfNotFound, Boolean ensureIsUpToDate)
   at System.Web.Compilation.BuildManager.GetVPathBuildResult(HttpContext context, VirtualPath virtualPath, Boolean noBuild, Boolean allowCrossApp, Boolean allowBuildInPrecompile, Boolean ensureIsUpToDate)
   at System.Web.Compilation.BuildManager.GetCompiledAssembly(String virtualPath)
   at Orchard.Environment.DefaultBuildManager.GetCompiledAssembly(String virtualPath) in c:\Users\PaulM\Desktop\Projects\zone.timemfg.com\src\Orchard\Environment\IBuildManager.cs:line 53
2014-07-29 07:17:06,931 [12] Orchard.Environment.DefaultBuildManager - (null) - Error when compiling assembly under ~/Modules/Time.OrderLog/Time.OrderLog.csproj.
System.Web.HttpCompileException (0x80004005): c:\Users\PaulM\Desktop\Projects\zone.timemfg.com\src\Orchard.Web\Modules\Time.OrderLog\Controllers\HomeController.cs(106): error CS0104: 'EntityState' is an ambiguous reference between 'System.Data.EntityState' and 'System.Data.Entity.EntityState'
   at System.Web.Compilation.BuildManager.PostProcessFoundBuildResult(BuildResult result, Boolean keyFromVPP, VirtualPath virtualPath)
   at System.Web.Compilation.BuildManager.GetBuildResultFromCacheInternal(String cacheKey, Boolean keyFromVPP, VirtualPath virtualPath, Int64 hashCode, Boolean ensureIsUpToDate)
   at System.Web.Compilation.BuildManager.GetVPathBuildResultFromCacheInternal(VirtualPath virtualPath, Boolean ensureIsUpToDate)
   at System.Web.Compilation.BuildManager.GetVPathBuildResultInternal(VirtualPath virtualPath, Boolean noBuild, Boolean allowCrossApp, Boolean allowBuildInPrecompile, Boolean throwIfNotFound, Boolean ensureIsUpToDate)
   at System.Web.Compilation.BuildManager.GetVPathBuildResultWithNoAssert(HttpContext context, VirtualPath virtualPath, Boolean noBuild, Boolean allowCrossApp, Boolean allowBuildInPrecompile, Boolean throwIfNotFound, Boolean ensureIsUpToDate)
   at System.Web.Compilation.BuildManager.GetVPathBuildResult(HttpContext context, VirtualPath virtualPath, Boolean noBuild, Boolean allowCrossApp, Boolean allowBuildInPrecompile, Boolean ensureIsUpToDate)
   at System.Web.Compilation.BuildManager.GetCompiledAssembly(String virtualPath)
   at Orchard.Environment.DefaultBuildManager.GetCompiledAssembly(String virtualPath) in c:\Users\PaulM\Desktop\Projects\zone.timemfg.com\src\Orchard\Environment\IBuildManager.cs:line 53
2014-07-29 07:17:06,935 [12] Orchard.Environment.DefaultBuildManager - (null) - Error when compiling assembly under ~/Modules/Time.OrderLog/Time.OrderLog.csproj.
System.Web.HttpCompileException (0x80004005): c:\Users\PaulM\Desktop\Projects\zone.timemfg.com\src\Orchard.Web\Modules\Time.OrderLog\Controllers\HomeController.cs(106): error CS0104: 'EntityState' is an ambiguous reference between 'System.Data.EntityState' and 'System.Data.Entity.EntityState'
   at System.Web.Compilation.BuildManager.PostProcessFoundBuildResult(BuildResult result, Boolean keyFromVPP, VirtualPath virtualPath)
   at System.Web.Compilation.BuildManager.GetBuildResultFromCacheInternal(String cacheKey, Boolean keyFromVPP, VirtualPath virtualPath, Int64 hashCode, Boolean ensureIsUpToDate)
   at System.Web.Compilation.BuildManager.GetVPathBuildResultFromCacheInternal(VirtualPath virtualPath, Boolean ensureIsUpToDate)
   at System.Web.Compilation.BuildManager.GetVPathBuildResultInternal(VirtualPath virtualPath, Boolean noBuild, Boolean allowCrossApp, Boolean allowBuildInPrecompile, Boolean throwIfNotFound, Boolean ensureIsUpToDate)
   at System.Web.Compilation.BuildManager.GetVPathBuildResultWithNoAssert(HttpContext context, VirtualPath virtualPath, Boolean noBuild, Boolean allowCrossApp, Boolean allowBuildInPrecompile, Boolean throwIfNotFound, Boolean ensureIsUpToDate)
   at System.Web.Compilation.BuildManager.GetVPathBuildResult(HttpContext context, VirtualPath virtualPath, Boolean noBuild, Boolean allowCrossApp, Boolean allowBuildInPrecompile, Boolean ensureIsUpToDate)
   at System.Web.Compilation.BuildManager.GetCompiledAssembly(String virtualPath)
   at Orchard.Environment.DefaultBuildManager.GetCompiledAssembly(String virtualPath) in c:\Users\PaulM\Desktop\Projects\zone.timemfg.com\src\Orchard\Environment\IBuildManager.cs:line 53
2014-07-29 07:17:06,939 [12] Orchard.Environment.DefaultBuildManager - (null) - Error when compiling assembly under ~/Modules/Time.OrderLog/Time.OrderLog.csproj.
System.Web.HttpCompileException (0x80004005): c:\Users\PaulM\Desktop\Projects\zone.timemfg.com\src\Orchard.Web\Modules\Time.OrderLog\Controllers\HomeController.cs(106): error CS0104: 'EntityState' is an ambiguous reference between 'System.Data.EntityState' and 'System.Data.Entity.EntityState'
   at System.Web.Compilation.BuildManager.PostProcessFoundBuildResult(BuildResult result, Boolean keyFromVPP, VirtualPath virtualPath)
   at System.Web.Compilation.BuildManager.GetBuildResultFromCacheInternal(String cacheKey, Boolean keyFromVPP, VirtualPath virtualPath, Int64 hashCode, Boolean ensureIsUpToDate)
   at System.Web.Compilation.BuildManager.GetVPathBuildResultFromCacheInternal(VirtualPath virtualPath, Boolean ensureIsUpToDate)
   at System.Web.Compilation.BuildManager.GetVPathBuildResultInternal(VirtualPath virtualPath, Boolean noBuild, Boolean allowCrossApp, Boolean allowBuildInPrecompile, Boolean throwIfNotFound, Boolean ensureIsUpToDate)
   at System.Web.Compilation.BuildManager.GetVPathBuildResultWithNoAssert(HttpContext context, VirtualPath virtualPath, Boolean noBuild, Boolean allowCrossApp, Boolean allowBuildInPrecompile, Boolean throwIfNotFound, Boolean ensureIsUpToDate)
   at System.Web.Compilation.BuildManager.GetVPathBuildResult(HttpContext context, VirtualPath virtualPath, Boolean noBuild, Boolean allowCrossApp, Boolean allowBuildInPrecompile, Boolean ensureIsUpToDate)
   at System.Web.Compilation.BuildManager.GetCompiledAssembly(String virtualPath)
   at Orchard.Environment.DefaultBuildManager.GetCompiledAssembly(String virtualPath) in c:\Users\PaulM\Desktop\Projects\zone.timemfg.com\src\Orchard\Environment\IBuildManager.cs:line 53
2014-07-29 07:17:06,945 [12] Orchard.Environment.DefaultBuildManager - (null) - Error when compiling assembly under ~/Modules/Time.OrderLog/Time.OrderLog.csproj.
System.Web.HttpCompileException (0x80004005): c:\Users\PaulM\Desktop\Projects\zone.timemfg.com\src\Orchard.Web\Modules\Time.OrderLog\Controllers\HomeController.cs(106): error CS0104: 'EntityState' is an ambiguous reference between 'System.Data.EntityState' and 'System.Data.Entity.EntityState'
   at System.Web.Compilation.BuildManager.PostProcessFoundBuildResult(BuildResult result, Boolean keyFromVPP, VirtualPath virtualPath)
   at System.Web.Compilation.BuildManager.GetBuildResultFromCacheInternal(String cacheKey, Boolean keyFromVPP, VirtualPath virtualPath, Int64 hashCode, Boolean ensureIsUpToDate)
   at System.Web.Compilation.BuildManager.GetVPathBuildResultFromCacheInternal(VirtualPath virtualPath, Boolean ensureIsUpToDate)
   at System.Web.Compilation.BuildManager.GetVPathBuildResultInternal(VirtualPath virtualPath, Boolean noBuild, Boolean allowCrossApp, Boolean allowBuildInPrecompile, Boolean throwIfNotFound, Boolean ensureIsUpToDate)
   at System.Web.Compilation.BuildManager.GetVPathBuildResultWithNoAssert(HttpContext context, VirtualPath virtualPath, Boolean noBuild, Boolean allowCrossApp, Boolean allowBuildInPrecompile, Boolean throwIfNotFound, Boolean ensureIsUpToDate)
   at System.Web.Compilation.BuildManager.GetVPathBuildResult(HttpContext context, VirtualPath virtualPath, Boolean noBuild, Boolean allowCrossApp, Boolean allowBuildInPrecompile, Boolean ensureIsUpToDate)
   at System.Web.Compilation.BuildManager.GetCompiledAssembly(String virtualPath)
   at Orchard.Environment.DefaultBuildManager.GetCompiledAssembly(String virtualPath) in c:\Users\PaulM\Desktop\Projects\zone.timemfg.com\src\Orchard\Environment\IBuildManager.cs:line 53
2014-07-29 07:17:22,258 [8] Orchard.Exceptions.DefaultExceptionPolicy - Default - An unexpected exception was caught
System.Data.Entity.Core.MetadataException: Unable to load the specified metadata resource.
   at System.Data.Entity.Core.Metadata.Edm.MetadataArtifactLoaderCompositeResource.LoadResources(String assemblyName, String resourceName, ICollection`1 uriRegistry, MetadataArtifactAssemblyResolver resolver)
   at System.Data.Entity.Core.Metadata.Edm.MetadataArtifactLoaderCompositeResource.CreateResourceLoader(String path, ExtensionCheck extensionCheck, String validExtension, ICollection`1 uriRegistry, MetadataArtifactAssemblyResolver resolver)
   at System.Data.Entity.Core.Metadata.Edm.MetadataArtifactLoader.Create(String path, ExtensionCheck extensionCheck, String validExtension, ICollection`1 uriRegistry, MetadataArtifactAssemblyResolver resolver)
   at System.Data.Entity.Core.Metadata.Edm.MetadataCache.SplitPaths(String paths)
   at System.Data.Entity.Core.Common.Utils.Memoizer`2.<>c__DisplayClass2.<Evaluate>b__0()
   at System.Data.Entity.Core.Common.Utils.Memoizer`2.Result.GetValue()
   at System.Data.Entity.Core.Common.Utils.Memoizer`2.Evaluate(TArg arg)
   at System.Data.Entity.Core.Metadata.Edm.MetadataCache.GetArtifactLoader(DbConnectionOptions effectiveConnectionOptions)
   at System.Data.Entity.Core.Metadata.Edm.MetadataCache.GetMetadataWorkspace(DbConnectionOptions effectiveConnectionOptions)
   at System.Data.Entity.Core.EntityClient.EntityConnection.GetMetadataWorkspace()
   at System.Data.Entity.Core.Objects.ObjectContext.RetrieveMetadataWorkspaceFromConnection()
   at System.Data.Entity.Core.Objects.ObjectContext..ctor(EntityConnection connection, Boolean isConnectionConstructor, ObjectQueryExecutionPlanFactory objectQueryExecutionPlanFactory, Translator translator, ColumnMapFactory columnMapFactory)
   at System.Data.Entity.Internal.InternalConnection.CreateObjectContextFromConnectionModel()
   at System.Data.Entity.Internal.LazyInternalConnection.CreateObjectContextFromConnectionModel()
   at System.Data.Entity.Internal.LazyInternalContext.InitializeContext()
   at System.Data.Entity.Internal.InternalContext.GetEntitySetAndBaseTypeForType(Type entityType)
   at System.Data.Entity.Internal.Linq.InternalSet`1.Initialize()
   at System.Data.Entity.Internal.Linq.InternalSet`1.get_InternalContext()
   at System.Data.Entity.Infrastructure.DbQuery`1.System.Linq.IQueryable.get_Provider()
   at System.Linq.Queryable.Where[TSource](IQueryable`1 source, Expression`1 predicate)
   at Time.Drawings.Controllers.HomeController.Index(SearchDrawingsViewModel vm) in c:\Users\PaulM\Desktop\Projects\zone.timemfg.com\src\Orchard.Web\Modules\Time.Drawings\Controllers\HomeController.cs:line 55
   at lambda_method(Closure , ControllerBase , Object[] )
   at System.Web.Mvc.ActionMethodDispatcher.Execute(ControllerBase controller, Object[] parameters)
   at System.Web.Mvc.ReflectedActionDescriptor.Execute(ControllerContext controllerContext, IDictionary`2 parameters)
   at System.Web.Mvc.ControllerActionInvoker.InvokeActionMethod(ControllerContext controllerContext, ActionDescriptor actionDescriptor, IDictionary`2 parameters)
   at System.Web.Mvc.Async.AsyncControllerActionInvoker.<BeginInvokeSynchronousActionMethod>b__39(IAsyncResult asyncResult, ActionInvocation innerInvokeState)
   at System.Web.Mvc.Async.AsyncResultWrapper.WrappedAsyncResult`2.CallEndDelegate(IAsyncResult asyncResult)
   at System.Web.Mvc.Async.AsyncResultWrapper.WrappedAsyncResultBase`1.End()
   at System.Web.Mvc.Async.AsyncControllerActionInvoker.EndInvokeActionMethod(IAsyncResult asyncResult)
   at System.Web.Mvc.Async.AsyncControllerActionInvoker.AsyncInvocationWithFilters.<InvokeActionMethodFilterAsynchronouslyRecursive>b__3f()
   at System.Web.Mvc.Async.AsyncControllerActionInvoker.AsyncInvocationWithFilters.<>c__DisplayClass48.<InvokeActionMethodFilterAsynchronouslyRecursive>b__41()
   at System.Web.Mvc.Async.AsyncControllerActionInvoker.AsyncInvocationWithFilters.<>c__DisplayClass48.<InvokeActionMethodFilterAsynchronouslyRecursive>b__41()
   at System.Web.Mvc.Async.AsyncControllerActionInvoker.AsyncInvocationWithFilters.<>c__DisplayClass48.<InvokeActionMethodFilterAsynchronouslyRecursive>b__41()
2014-07-29 07:17:37,714 [12] Orchard.Exceptions.DefaultExceptionPolicy - Default - An unexpected exception was caught
System.Data.Entity.Core.MetadataException: Unable to load the specified metadata resource.
   at System.Data.Entity.Core.Metadata.Edm.MetadataArtifactLoaderCompositeResource.LoadResources(String assemblyName, String resourceName, ICollection`1 uriRegistry, MetadataArtifactAssemblyResolver resolver)
   at System.Data.Entity.Core.Metadata.Edm.MetadataArtifactLoaderCompositeResource.CreateResourceLoader(String path, ExtensionCheck extensionCheck, String validExtension, ICollection`1 uriRegistry, MetadataArtifactAssemblyResolver resolver)
   at System.Data.Entity.Core.Metadata.Edm.MetadataArtifactLoader.Create(String path, ExtensionCheck extensionCheck, String validExtension, ICollection`1 uriRegistry, MetadataArtifactAssemblyResolver resolver)
   at System.Data.Entity.Core.Metadata.Edm.MetadataCache.SplitPaths(String paths)
   at System.Data.Entity.Core.Common.Utils.Memoizer`2.<>c__DisplayClass2.<Evaluate>b__0()
   at System.Data.Entity.Core.Common.Utils.Memoizer`2.Result.GetValue()
   at System.Data.Entity.Core.Common.Utils.Memoizer`2.Evaluate(TArg arg)
   at System.Data.Entity.Core.Metadata.Edm.MetadataCache.GetArtifactLoader(DbConnectionOptions effectiveConnectionOptions)
   at System.Data.Entity.Core.Metadata.Edm.MetadataCache.GetMetadataWorkspace(DbConnectionOptions effectiveConnectionOptions)
   at System.Data.Entity.Core.EntityClient.EntityConnection.GetMetadataWorkspace()
   at System.Data.Entity.Core.Objects.ObjectContext.RetrieveMetadataWorkspaceFromConnection()
   at System.Data.Entity.Core.Objects.ObjectContext..ctor(EntityConnection connection, Boolean isConnectionConstructor, ObjectQueryExecutionPlanFactory objectQueryExecutionPlanFactory, Translator translator, ColumnMapFactory columnMapFactory)
   at System.Data.Entity.Internal.InternalConnection.CreateObjectContextFromConnectionModel()
   at System.Data.Entity.Internal.LazyInternalConnection.CreateObjectContextFromConnectionModel()
   at System.Data.Entity.Internal.LazyInternalContext.InitializeContext()
   at System.Data.Entity.Internal.InternalContext.GetEntitySetAndBaseTypeForType(Type entityType)
   at System.Data.Entity.Internal.Linq.InternalSet`1.Initialize()
   at System.Data.Entity.Internal.Linq.InternalSet`1.get_InternalContext()
   at System.Data.Entity.Infrastructure.DbQuery`1.System.Linq.IQueryable.get_Provider()
   at System.Linq.Queryable.Where[TSource](IQueryable`1 source, Expression`1 predicate)
   at Time.Drawings.Controllers.HomeController.Index(SearchDrawingsViewModel vm) in c:\Users\PaulM\Desktop\Projects\zone.timemfg.com\src\Orchard.Web\Modules\Time.Drawings\Controllers\HomeController.cs:line 55
   at lambda_method(Closure , ControllerBase , Object[] )
   at System.Web.Mvc.ActionMethodDispatcher.Execute(ControllerBase controller, Object[] parameters)
   at System.Web.Mvc.ReflectedActionDescriptor.Execute(ControllerContext controllerContext, IDictionary`2 parameters)
   at System.Web.Mvc.ControllerActionInvoker.InvokeActionMethod(ControllerContext controllerContext, ActionDescriptor actionDescriptor, IDictionary`2 parameters)
   at System.Web.Mvc.Async.AsyncControllerActionInvoker.<BeginInvokeSynchronousActionMethod>b__39(IAsyncResult asyncResult, ActionInvocation innerInvokeState)
   at System.Web.Mvc.Async.AsyncResultWrapper.WrappedAsyncResult`2.CallEndDelegate(IAsyncResult asyncResult)
   at System.Web.Mvc.Async.AsyncResultWrapper.WrappedAsyncResultBase`1.End()
   at System.Web.Mvc.Async.AsyncControllerActionInvoker.EndInvokeActionMethod(IAsyncResult asyncResult)
   at System.Web.Mvc.Async.AsyncControllerActionInvoker.AsyncInvocationWithFilters.<InvokeActionMethodFilterAsynchronouslyRecursive>b__3f()
   at System.Web.Mvc.Async.AsyncControllerActionInvoker.AsyncInvocationWithFilters.<>c__DisplayClass48.<InvokeActionMethodFilterAsynchronouslyRecursive>b__41()
   at System.Web.Mvc.Async.AsyncControllerActionInvoker.AsyncInvocationWithFilters.<>c__DisplayClass48.<InvokeActionMethodFilterAsynchronouslyRecursive>b__41()
   at System.Web.Mvc.Async.AsyncControllerActionInvoker.AsyncInvocationWithFilters.<>c__DisplayClass48.<InvokeActionMethodFilterAsynchronouslyRecursive>b__41()
2014-07-29 07:17:43,228 [12] Orchard.Exceptions.DefaultExceptionPolicy - Default - An unexpected exception was caught
System.Data.Entity.Core.MetadataException: Unable to load the specified metadata resource.
   at System.Data.Entity.Core.Metadata.Edm.MetadataArtifactLoaderCompositeResource.LoadResources(String assemblyName, String resourceName, ICollection`1 uriRegistry, MetadataArtifactAssemblyResolver resolver)
   at System.Data.Entity.Core.Metadata.Edm.MetadataArtifactLoaderCompositeResource.CreateResourceLoader(String path, ExtensionCheck extensionCheck, String validExtension, ICollection`1 uriRegistry, MetadataArtifactAssemblyResolver resolver)
   at System.Data.Entity.Core.Metadata.Edm.MetadataArtifactLoader.Create(String path, ExtensionCheck extensionCheck, String validExtension, ICollection`1 uriRegistry, MetadataArtifactAssemblyResolver resolver)
   at System.Data.Entity.Core.Metadata.Edm.MetadataCache.SplitPaths(String paths)
   at System.Data.Entity.Core.Common.Utils.Memoizer`2.<>c__DisplayClass2.<Evaluate>b__0()
   at System.Data.Entity.Core.Common.Utils.Memoizer`2.Result.GetValue()
   at System.Data.Entity.Core.Common.Utils.Memoizer`2.Evaluate(TArg arg)
   at System.Data.Entity.Core.Metadata.Edm.MetadataCache.GetArtifactLoader(DbConnectionOptions effectiveConnectionOptions)
   at System.Data.Entity.Core.Metadata.Edm.MetadataCache.GetMetadataWorkspace(DbConnectionOptions effectiveConnectionOptions)
   at System.Data.Entity.Core.EntityClient.EntityConnection.GetMetadataWorkspace()
   at System.Data.Entity.Core.Objects.ObjectContext.RetrieveMetadataWorkspaceFromConnection()
   at System.Data.Entity.Core.Objects.ObjectContext..ctor(EntityConnection connection, Boolean isConnectionConstructor, ObjectQueryExecutionPlanFactory objectQueryExecutionPlanFactory, Translator translator, ColumnMapFactory columnMapFactory)
   at System.Data.Entity.Internal.InternalConnection.CreateObjectContextFromConnectionModel()
   at System.Data.Entity.Internal.LazyInternalConnection.CreateObjectContextFromConnectionModel()
   at System.Data.Entity.Internal.LazyInternalContext.InitializeContext()
   at System.Data.Entity.Internal.InternalContext.GetEntitySetAndBaseTypeForType(Type entityType)
   at System.Data.Entity.Internal.Linq.InternalSet`1.Initialize()
   at System.Data.Entity.Internal.Linq.InternalSet`1.get_InternalContext()
   at System.Data.Entity.Infrastructure.DbQuery`1.System.Linq.IQueryable.get_Provider()
   at System.Linq.Queryable.Where[TSource](IQueryable`1 source, Expression`1 predicate)
   at Time.Drawings.Controllers.HomeController.Index(SearchDrawingsViewModel vm) in c:\Users\PaulM\Desktop\Projects\zone.timemfg.com\src\Orchard.Web\Modules\Time.Drawings\Controllers\HomeController.cs:line 55
   at lambda_method(Closure , ControllerBase , Object[] )
   at System.Web.Mvc.ActionMethodDispatcher.Execute(ControllerBase controller, Object[] parameters)
   at System.Web.Mvc.ReflectedActionDescriptor.Execute(ControllerContext controllerContext, IDictionary`2 parameters)
   at System.Web.Mvc.ControllerActionInvoker.InvokeActionMethod(ControllerContext controllerContext, ActionDescriptor actionDescriptor, IDictionary`2 parameters)
   at System.Web.Mvc.Async.AsyncControllerActionInvoker.<BeginInvokeSynchronousActionMethod>b__39(IAsyncResult asyncResult, ActionInvocation innerInvokeState)
   at System.Web.Mvc.Async.AsyncResultWrapper.WrappedAsyncResult`2.CallEndDelegate(IAsyncResult asyncResult)
   at System.Web.Mvc.Async.AsyncResultWrapper.WrappedAsyncResultBase`1.End()
   at System.Web.Mvc.Async.AsyncControllerActionInvoker.EndInvokeActionMethod(IAsyncResult asyncResult)
   at System.Web.Mvc.Async.AsyncControllerActionInvoker.AsyncInvocationWithFilters.<InvokeActionMethodFilterAsynchronouslyRecursive>b__3f()
   at System.Web.Mvc.Async.AsyncControllerActionInvoker.AsyncInvocationWithFilters.<>c__DisplayClass48.<InvokeActionMethodFilterAsynchronouslyRecursive>b__41()
   at System.Web.Mvc.Async.AsyncControllerActionInvoker.AsyncInvocationWithFilters.<>c__DisplayClass48.<InvokeActionMethodFilterAsynchronouslyRecursive>b__41()
   at System.Web.Mvc.Async.AsyncControllerActionInvoker.AsyncInvocationWithFilters.<>c__DisplayClass48.<InvokeActionMethodFilterAsynchronouslyRecursive>b__41()
2014-07-29 07:18:24,553 [18] Orchard.Environment.DefaultBuildManager - (null) - Error when compiling assembly under ~/Modules/Time.OrderLog/Time.OrderLog.csproj.
System.Web.HttpCompileException (0x80004005): c:\Users\PaulM\Desktop\Projects\zone.timemfg.com\src\Orchard.Web\Modules\Time.OrderLog\Controllers\HomeController.cs(106): error CS0104: 'EntityState' is an ambiguous reference between 'System.Data.EntityState' and 'System.Data.Entity.EntityState'
   at System.Web.Compilation.AssemblyBuilder.Compile()
   at System.Web.Compilation.BuildProvidersCompiler.PerformBuild()
   at System.Web.Compilation.BuildManager.CompileWebFile(VirtualPath virtualPath)
   at System.Web.Compilation.BuildManager.GetVPathBuildResultInternal(VirtualPath virtualPath, Boolean noBuild, Boolean allowCrossApp, Boolean allowBuildInPrecompile, Boolean throwIfNotFound, Boolean ensureIsUpToDate)
   at System.Web.Compilation.BuildManager.GetVPathBuildResultWithNoAssert(HttpContext context, VirtualPath virtualPath, Boolean noBuild, Boolean allowCrossApp, Boolean allowBuildInPrecompile, Boolean throwIfNotFound, Boolean ensureIsUpToDate)
   at System.Web.Compilation.BuildManager.GetVPathBuildResult(HttpContext context, VirtualPath virtualPath, Boolean noBuild, Boolean allowCrossApp, Boolean allowBuildInPrecompile, Boolean ensureIsUpToDate)
   at System.Web.Compilation.BuildManager.GetCompiledAssembly(String virtualPath)
   at Orchard.Environment.DefaultBuildManager.GetCompiledAssembly(String virtualPath)
2014-07-29 07:18:24,626 [18] Orchard.Environment.Extensions.ExtensionManager - (null) - No suitable loader found for extension "Time.OrderLog"
2014-07-29 07:18:35,291 [28] Orchard.Exceptions.DefaultExceptionPolicy - Default - An unexpected exception was caught
System.Data.Entity.Core.MetadataException: Unable to load the specified metadata resource.
   at System.Data.Entity.Core.Metadata.Edm.MetadataArtifactLoaderCompositeResource.LoadResources(String assemblyName, String resourceName, ICollection`1 uriRegistry, MetadataArtifactAssemblyResolver resolver)
   at System.Data.Entity.Core.Metadata.Edm.MetadataArtifactLoaderCompositeResource.CreateResourceLoader(String path, ExtensionCheck extensionCheck, String validExtension, ICollection`1 uriRegistry, MetadataArtifactAssemblyResolver resolver)
   at System.Data.Entity.Core.Metadata.Edm.MetadataArtifactLoader.Create(String path, ExtensionCheck extensionCheck, String validExtension, ICollection`1 uriRegistry, MetadataArtifactAssemblyResolver resolver)
   at System.Data.Entity.Core.Metadata.Edm.MetadataCache.SplitPaths(String paths)
   at System.Data.Entity.Core.Common.Utils.Memoizer`2.<>c__DisplayClass2.<Evaluate>b__0()
   at System.Data.Entity.Core.Common.Utils.Memoizer`2.Result.GetValue()
   at System.Data.Entity.Core.Common.Utils.Memoizer`2.Evaluate(TArg arg)
   at System.Data.Entity.Core.Metadata.Edm.MetadataCache.GetArtifactLoader(DbConnectionOptions effectiveConnectionOptions)
   at System.Data.Entity.Core.Metadata.Edm.MetadataCache.GetMetadataWorkspace(DbConnectionOptions effectiveConnectionOptions)
   at System.Data.Entity.Core.EntityClient.EntityConnection.GetMetadataWorkspace()
   at System.Data.Entity.Core.Objects.ObjectContext.RetrieveMetadataWorkspaceFromConnection()
   at System.Data.Entity.Core.Objects.ObjectContext..ctor(EntityConnection connection, Boolean isConnectionConstructor, ObjectQueryExecutionPlanFactory objectQueryExecutionPlanFactory, Translator translator, ColumnMapFactory columnMapFactory)
   at System.Data.Entity.Internal.InternalConnection.CreateObjectContextFromConnectionModel()
   at System.Data.Entity.Internal.LazyInternalConnection.CreateObjectContextFromConnectionModel()
   at System.Data.Entity.Internal.LazyInternalContext.InitializeContext()
   at System.Data.Entity.Internal.InternalContext.GetEntitySetAndBaseTypeForType(Type entityType)
   at System.Data.Entity.Internal.Linq.InternalSet`1.Initialize()
   at System.Data.Entity.Internal.Linq.InternalSet`1.get_InternalContext()
   at System.Data.Entity.Infrastructure.DbQuery`1.System.Linq.IQueryable.get_Provider()
   at System.Linq.Queryable.Where[TSource](IQueryable`1 source, Expression`1 predicate)
   at Time.Drawings.Controllers.HomeController.Index(SearchDrawingsViewModel vm) in c:\Users\PaulM\Desktop\Projects\zone.timemfg.com\src\Orchard.Web\Modules\Time.Drawings\Controllers\HomeController.cs:line 55
   at lambda_method(Closure , ControllerBase , Object[] )
   at System.Web.Mvc.ActionMethodDispatcher.Execute(ControllerBase controller, Object[] parameters)
   at System.Web.Mvc.ReflectedActionDescriptor.Execute(ControllerContext controllerContext, IDictionary`2 parameters)
   at System.Web.Mvc.ControllerActionInvoker.InvokeActionMethod(ControllerContext controllerContext, ActionDescriptor actionDescriptor, IDictionary`2 parameters)
   at System.Web.Mvc.Async.AsyncControllerActionInvoker.<BeginInvokeSynchronousActionMethod>b__39(IAsyncResult asyncResult, ActionInvocation innerInvokeState)
   at System.Web.Mvc.Async.AsyncResultWrapper.WrappedAsyncResult`2.CallEndDelegate(IAsyncResult asyncResult)
   at System.Web.Mvc.Async.AsyncResultWrapper.WrappedAsyncResultBase`1.End()
   at System.Web.Mvc.Async.AsyncControllerActionInvoker.EndInvokeActionMethod(IAsyncResult asyncResult)
   at System.Web.Mvc.Async.AsyncControllerActionInvoker.AsyncInvocationWithFilters.<InvokeActionMethodFilterAsynchronouslyRecursive>b__3f()
   at System.Web.Mvc.Async.AsyncControllerActionInvoker.AsyncInvocationWithFilters.<>c__DisplayClass48.<InvokeActionMethodFilterAsynchronouslyRecursive>b__41()
   at System.Web.Mvc.Async.AsyncControllerActionInvoker.AsyncInvocationWithFilters.<>c__DisplayClass48.<InvokeActionMethodFilterAsynchronouslyRecursive>b__41()
   at System.Web.Mvc.Async.AsyncControllerActionInvoker.AsyncInvocationWithFilters.<>c__DisplayClass48.<InvokeActionMethodFilterAsynchronouslyRecursive>b__41()
